<?xml version="1.0" encoding="UTF-8"?>
<testsuites name="TS_Update Profile" time="16.852" tests="66" failures="36" errors="0">
   <testsuite name="TS_Update Profile" tests="66" failures="36" errors="0" time="16.852" skipped="0" timestamp="25-08-2024T16:07:37" hostname="fanhi - jippo" id="Test Suites/TS_Update Profile">
      <properties>
         <property name="deviceName" value=""/>
         <property name="devicePlatform"/>
         <property name="logFolder" value="C:\\Users\\fanhi\\OneDrive - VNU-HCMUS\\Software_Testing_subAss\\HW7\\Source\\API_21127661\\Reports\\20240825_160726\\TS_Update Profile\\20240825_160726"/>
         <property name="logFiles" value="C:\\Users\\fanhi\\OneDrive - VNU-HCMUS\\Software_Testing_subAss\\HW7\\Source\\API_21127661\\Reports\\20240825_160726\\TS_Update Profile\\20240825_160726\\execution0.log"/>
         <property name="attachments" value=""/>
         <property name="hostName" value="fanhi - jippo"/>
         <property name="hostAddress" value="172.16.1.234"/>
         <property name="os" value="Windows 11 64bit"/>
         <property name="katalonVersion" value="9.6.0.217"/>
      </properties>
      <testcase name="Test Cases/TC_Update Profile" time="2.7" classname="Test Cases/TC_Update Profile" status="PASSED">
         <system-out><![CDATA[25-08-2024T16:07:38 - [TEST_CASE][PASSED] - Test Cases/TC_Update Profile: Test Cases/TC_Update Profile

25-08-2024T16:07:38 - [TEST_STEP][PASSED] - authorizationHeader = new com.kms.katalon.core.testobject.TestObjectProperty(Authorization, com.kms.katalon.core.testobject.ConditionType.EQUALS, (Bearer  + internal.GlobalVariable.token)): null

25-08-2024T16:07:38 - [TEST_STEP][PASSED] - req = findTestObject("API_Update Profile", ["userId":myId, "name":name, "phone":phone, "birthDate":birthDate, "personalEmail":personalEmail, "gender":gender]): null

25-08-2024T16:07:38 - [TEST_STEP][PASSED] - getHttpHeaderProperties().removeIf({ -> ... }): null

25-08-2024T16:07:38 - [TEST_STEP][PASSED] - getHttpHeaderProperties().add(authorizationHeader): null

25-08-2024T16:07:38 - [TEST_STEP][PASSED] - res = sendRequest(req): Send request successfully

25-08-2024T16:07:40 - [MESSAGE][INFO] - HAR: C:\Users\fanhi\OneDrive - VNU-HCMUS\Software_Testing_subAss\HW7\Source\API_21127661\Reports\20240825_160726\TS_Update Profile\20240825_160726\requests\main\0.har

25-08-2024T16:07:40 - [MESSAGE][PASSED] - Send request successfully

25-08-2024T16:07:40 - [TEST_STEP][PASSED] - verifyResponseStatusCode(res, expected.intValue(), CONTINUE_ON_FAILURE): Verify response status code successfully

25-08-2024T16:07:40 - [MESSAGE][PASSED] - Verify response status code successfully

25-08-2024T16:07:40 - [TEST_STEP][PASSED] - if (personalEmail == ""): null

25-08-2024T16:07:40 - [TEST_STEP][PASSED] - personalEmail = null: null

25-08-2024T16:07:40 - [TEST_STEP][PASSED] - formattedBirthDate = birthDate + "T00:00:00.000+00:00": null

25-08-2024T16:07:40 - [TEST_STEP][PASSED] - if (birthDate == ""): null

25-08-2024T16:07:40 - [TEST_STEP][PASSED] - if (expected.intValue() == 200): Verify element property value successfully

25-08-2024T16:07:40 - [TEST_STEP][PASSED] - verifyElementPropertyValue(res, "data.id", myId, CONTINUE_ON_FAILURE): Verify element property value successfully

25-08-2024T16:07:40 - [MESSAGE][PASSED] - Verify element property value successfully

25-08-2024T16:07:40 - [TEST_STEP][PASSED] - verifyElementPropertyValue(res, "data.name", name, CONTINUE_ON_FAILURE): Verify element property value successfully

25-08-2024T16:07:40 - [MESSAGE][PASSED] - Verify element property value successfully

25-08-2024T16:07:40 - [TEST_STEP][PASSED] - verifyElementPropertyValue(res, "data.birthDate", formattedBirthDate, CONTINUE_ON_FAILURE): Verify element property value successfully

25-08-2024T16:07:40 - [MESSAGE][PASSED] - Verify element property value successfully

25-08-2024T16:07:40 - [TEST_STEP][PASSED] - verifyElementPropertyValue(res, "data.gender", gender, CONTINUE_ON_FAILURE): Verify element property value successfully

25-08-2024T16:07:40 - [MESSAGE][PASSED] - Verify element property value successfully

25-08-2024T16:07:40 - [TEST_STEP][PASSED] - verifyElementPropertyValue(res, "data.phone", phone, CONTINUE_ON_FAILURE): Verify element property value successfully

25-08-2024T16:07:40 - [MESSAGE][PASSED] - Verify element property value successfully

25-08-2024T16:07:40 - [TEST_STEP][PASSED] - verifyElementPropertyValue(res, "data.personalEmail", personalEmail, CONTINUE_ON_FAILURE): Verify element property value successfully

25-08-2024T16:07:40 - [MESSAGE][PASSED] - Verify element property value successfully]]></system-out>
         <system-err><![CDATA[]]></system-err>
      </testcase>
      <testcase name="Test Cases/TC_Update Profile" time="0.113" classname="Test Cases/TC_Update Profile" status="FAILED">
         <failure type="FAILED" message="Test Cases/TC_Update Profile FAILED.&#xa;Reason:&#xa;com.kms.katalon.core.exception.StepFailedException: Expected status code is '400' but actual status code is '200'&#xa;	at com.kms.katalon.core.keyword.internal.KeywordMain.stepFailed(KeywordMain.groovy:39)&#xa;	at com.kms.katalon.core.webservice.keyword.builtin.VerifyResponseStatusCodeKeyword.verifyStatusCode(VerifyResponseStatusCodeKeyword.groovy:52)&#xa;	at com.kms.katalon.core.webservice.keyword.builtin.VerifyResponseStatusCodeKeyword.access$0(VerifyResponseStatusCodeKeyword.groovy)&#xa;	at com.kms.katalon.core.webservice.keyword.builtin.VerifyResponseStatusCodeKeyword$_verifyResponseStatusCode_closure1.doCall(VerifyResponseStatusCodeKeyword.groovy:42)&#xa;	at com.kms.katalon.core.webservice.keyword.builtin.VerifyResponseStatusCodeKeyword$_verifyResponseStatusCode_closure1.call(VerifyResponseStatusCodeKeyword.groovy)&#xa;	at com.kms.katalon.core.keyword.internal.KeywordMain.runKeyword(KeywordMain.groovy:75)&#xa;	at com.kms.katalon.core.webservice.keyword.builtin.VerifyResponseStatusCodeKeyword.verifyResponseStatusCode(VerifyResponseStatusCodeKeyword.groovy:37)&#xa;	at com.kms.katalon.core.webservice.keyword.builtin.VerifyResponseStatusCodeKeyword.execute(VerifyResponseStatusCodeKeyword.groovy:32)&#xa;	at com.kms.katalon.core.keyword.internal.KeywordExecutor.executeKeywordForPlatform(KeywordExecutor.groovy:74)&#xa;	at com.kms.katalon.core.webservice.keyword.WSBuiltInKeywords.verifyResponseStatusCode(WSBuiltInKeywords.groovy:331)&#xa;	at TC_Update Profile.run(TC_Update Profile:40)&#xa;	at com.kms.katalon.core.main.ScriptEngine.run(ScriptEngine.java:194)&#xa;	at com.kms.katalon.core.main.ScriptEngine.runScriptAsRawText(ScriptEngine.java:119)&#xa;	at com.kms.katalon.core.main.TestCaseExecutor.runScript(TestCaseExecutor.java:448)&#xa;	at com.kms.katalon.core.main.TestCaseExecutor.doExecute(TestCaseExecutor.java:439)&#xa;	at com.kms.katalon.core.main.TestCaseExecutor.processExecutionPhase(TestCaseExecutor.java:418)&#xa;	at com.kms.katalon.core.main.TestCaseExecutor.accessMainPhase(TestCaseExecutor.java:410)&#xa;	at com.kms.katalon.core.main.TestCaseExecutor.execute(TestCaseExecutor.java:285)&#xa;	at com.kms.katalon.core.common.CommonExecutor.accessTestCaseMainPhase(CommonExecutor.java:65)&#xa;	at com.kms.katalon.core.main.TestSuiteExecutor.accessTestSuiteMainPhase(TestSuiteExecutor.java:150)&#xa;	at com.kms.katalon.core.main.TestSuiteExecutor.execute(TestSuiteExecutor.java:106)&#xa;	at com.kms.katalon.core.main.TestCaseMain.startTestSuite(TestCaseMain.java:180)&#xa;	at TempTestSuite1724576846473.run(TempTestSuite1724576846473.groovy:35)&#xa;	at java.base/jdk.internal.reflect.NativeMethodAccessorImpl.invoke0(Native Method)&#xa;	at java.base/jdk.internal.reflect.NativeMethodAccessorImpl.invoke(NativeMethodAccessorImpl.java:77)&#xa;	at java.base/jdk.internal.reflect.DelegatingMethodAccessorImpl.invoke(DelegatingMethodAccessorImpl.java:43)&#xa;"/>
         <system-out><![CDATA[25-08-2024T16:07:40 - [TEST_CASE][FAILED] - Test Cases/TC_Update Profile: Test Cases/TC_Update Profile FAILED.
Reason:
com.kms.katalon.core.exception.StepFailedException: Expected status code is '400' but actual status code is '200'
	at com.kms.katalon.core.keyword.internal.KeywordMain.stepFailed(KeywordMain.groovy:39)
	at com.kms.katalon.core.webservice.keyword.builtin.VerifyResponseStatusCodeKeyword.verifyStatusCode(VerifyResponseStatusCodeKeyword.groovy:52)
	at com.kms.katalon.core.webservice.keyword.builtin.VerifyResponseStatusCodeKeyword.access$0(VerifyResponseStatusCodeKeyword.groovy)
	at com.kms.katalon.core.webservice.keyword.builtin.VerifyResponseStatusCodeKeyword$_verifyResponseStatusCode_closure1.doCall(VerifyResponseStatusCodeKeyword.groovy:42)
	at com.kms.katalon.core.webservice.keyword.builtin.VerifyResponseStatusCodeKeyword$_verifyResponseStatusCode_closure1.call(VerifyResponseStatusCodeKeyword.groovy)
	at com.kms.katalon.core.keyword.internal.KeywordMain.runKeyword(KeywordMain.groovy:75)
	at com.kms.katalon.core.webservice.keyword.builtin.VerifyResponseStatusCodeKeyword.verifyResponseStatusCode(VerifyResponseStatusCodeKeyword.groovy:37)
	at com.kms.katalon.core.webservice.keyword.builtin.VerifyResponseStatusCodeKeyword.execute(VerifyResponseStatusCodeKeyword.groovy:32)
	at com.kms.katalon.core.keyword.internal.KeywordExecutor.executeKeywordForPlatform(KeywordExecutor.groovy:74)
	at com.kms.katalon.core.webservice.keyword.WSBuiltInKeywords.verifyResponseStatusCode(WSBuiltInKeywords.groovy:331)
	at TC_Update Profile.run(TC_Update Profile:40)
	at com.kms.katalon.core.main.ScriptEngine.run(ScriptEngine.java:194)
	at com.kms.katalon.core.main.ScriptEngine.runScriptAsRawText(ScriptEngine.java:119)
	at com.kms.katalon.core.main.TestCaseExecutor.runScript(TestCaseExecutor.java:448)
	at com.kms.katalon.core.main.TestCaseExecutor.doExecute(TestCaseExecutor.java:439)
	at com.kms.katalon.core.main.TestCaseExecutor.processExecutionPhase(TestCaseExecutor.java:418)
	at com.kms.katalon.core.main.TestCaseExecutor.accessMainPhase(TestCaseExecutor.java:410)
	at com.kms.katalon.core.main.TestCaseExecutor.execute(TestCaseExecutor.java:285)
	at com.kms.katalon.core.common.CommonExecutor.accessTestCaseMainPhase(CommonExecutor.java:65)
	at com.kms.katalon.core.main.TestSuiteExecutor.accessTestSuiteMainPhase(TestSuiteExecutor.java:150)
	at com.kms.katalon.core.main.TestSuiteExecutor.execute(TestSuiteExecutor.java:106)
	at com.kms.katalon.core.main.TestCaseMain.startTestSuite(TestCaseMain.java:180)
	at TempTestSuite1724576846473.run(TempTestSuite1724576846473.groovy:35)
	at java.base/jdk.internal.reflect.NativeMethodAccessorImpl.invoke0(Native Method)
	at java.base/jdk.internal.reflect.NativeMethodAccessorImpl.invoke(NativeMethodAccessorImpl.java:77)
	at java.base/jdk.internal.reflect.DelegatingMethodAccessorImpl.invoke(DelegatingMethodAccessorImpl.java:43)


25-08-2024T16:07:40 - [TEST_STEP][PASSED] - authorizationHeader = new com.kms.katalon.core.testobject.TestObjectProperty(Authorization, com.kms.katalon.core.testobject.ConditionType.EQUALS, (Bearer  + internal.GlobalVariable.token)): null

25-08-2024T16:07:40 - [TEST_STEP][PASSED] - req = findTestObject("API_Update Profile", ["userId":myId, "name":name, "phone":phone, "birthDate":birthDate, "personalEmail":personalEmail, "gender":gender]): null

25-08-2024T16:07:40 - [TEST_STEP][PASSED] - getHttpHeaderProperties().removeIf({ -> ... }): null

25-08-2024T16:07:40 - [TEST_STEP][PASSED] - getHttpHeaderProperties().add(authorizationHeader): null

25-08-2024T16:07:40 - [TEST_STEP][PASSED] - res = sendRequest(req): Send request successfully

25-08-2024T16:07:40 - [MESSAGE][INFO] - HAR: C:\Users\fanhi\OneDrive - VNU-HCMUS\Software_Testing_subAss\HW7\Source\API_21127661\Reports\20240825_160726\TS_Update Profile\20240825_160726\requests\main\1.har

25-08-2024T16:07:40 - [MESSAGE][PASSED] - Send request successfully

25-08-2024T16:07:40 - [TEST_STEP][FAILED] - verifyResponseStatusCode(res, expected.intValue(), CONTINUE_ON_FAILURE): Expected status code is '400' but actual status code is '200'

25-08-2024T16:07:40 - [MESSAGE][FAILED] - Expected status code is '400' but actual status code is '200'

25-08-2024T16:07:40 - [TEST_STEP][PASSED] - if (personalEmail == ""): null

25-08-2024T16:07:40 - [TEST_STEP][PASSED] - personalEmail = null: null

25-08-2024T16:07:40 - [TEST_STEP][PASSED] - formattedBirthDate = birthDate + "T00:00:00.000+00:00": null

25-08-2024T16:07:40 - [TEST_STEP][PASSED] - if (birthDate == ""): null

25-08-2024T16:07:40 - [TEST_STEP][PASSED] - if (expected.intValue() == 200): null]]></system-out>
         <system-err><![CDATA[25-08-2024T16:07:40 - [TEST_CASE][FAILED] - Test Cases/TC_Update Profile: Test Cases/TC_Update Profile FAILED.
Reason:
com.kms.katalon.core.exception.StepFailedException: Expected status code is '400' but actual status code is '200'
	at com.kms.katalon.core.keyword.internal.KeywordMain.stepFailed(KeywordMain.groovy:39)
	at com.kms.katalon.core.webservice.keyword.builtin.VerifyResponseStatusCodeKeyword.verifyStatusCode(VerifyResponseStatusCodeKeyword.groovy:52)
	at com.kms.katalon.core.webservice.keyword.builtin.VerifyResponseStatusCodeKeyword.access$0(VerifyResponseStatusCodeKeyword.groovy)
	at com.kms.katalon.core.webservice.keyword.builtin.VerifyResponseStatusCodeKeyword$_verifyResponseStatusCode_closure1.doCall(VerifyResponseStatusCodeKeyword.groovy:42)
	at com.kms.katalon.core.webservice.keyword.builtin.VerifyResponseStatusCodeKeyword$_verifyResponseStatusCode_closure1.call(VerifyResponseStatusCodeKeyword.groovy)
	at com.kms.katalon.core.keyword.internal.KeywordMain.runKeyword(KeywordMain.groovy:75)
	at com.kms.katalon.core.webservice.keyword.builtin.VerifyResponseStatusCodeKeyword.verifyResponseStatusCode(VerifyResponseStatusCodeKeyword.groovy:37)
	at com.kms.katalon.core.webservice.keyword.builtin.VerifyResponseStatusCodeKeyword.execute(VerifyResponseStatusCodeKeyword.groovy:32)
	at com.kms.katalon.core.keyword.internal.KeywordExecutor.executeKeywordForPlatform(KeywordExecutor.groovy:74)
	at com.kms.katalon.core.webservice.keyword.WSBuiltInKeywords.verifyResponseStatusCode(WSBuiltInKeywords.groovy:331)
	at TC_Update Profile.run(TC_Update Profile:40)
	at com.kms.katalon.core.main.ScriptEngine.run(ScriptEngine.java:194)
	at com.kms.katalon.core.main.ScriptEngine.runScriptAsRawText(ScriptEngine.java:119)
	at com.kms.katalon.core.main.TestCaseExecutor.runScript(TestCaseExecutor.java:448)
	at com.kms.katalon.core.main.TestCaseExecutor.doExecute(TestCaseExecutor.java:439)
	at com.kms.katalon.core.main.TestCaseExecutor.processExecutionPhase(TestCaseExecutor.java:418)
	at com.kms.katalon.core.main.TestCaseExecutor.accessMainPhase(TestCaseExecutor.java:410)
	at com.kms.katalon.core.main.TestCaseExecutor.execute(TestCaseExecutor.java:285)
	at com.kms.katalon.core.common.CommonExecutor.accessTestCaseMainPhase(CommonExecutor.java:65)
	at com.kms.katalon.core.main.TestSuiteExecutor.accessTestSuiteMainPhase(TestSuiteExecutor.java:150)
	at com.kms.katalon.core.main.TestSuiteExecutor.execute(TestSuiteExecutor.java:106)
	at com.kms.katalon.core.main.TestCaseMain.startTestSuite(TestCaseMain.java:180)
	at TempTestSuite1724576846473.run(TempTestSuite1724576846473.groovy:35)
	at java.base/jdk.internal.reflect.NativeMethodAccessorImpl.invoke0(Native Method)
	at java.base/jdk.internal.reflect.NativeMethodAccessorImpl.invoke(NativeMethodAccessorImpl.java:77)
	at java.base/jdk.internal.reflect.DelegatingMethodAccessorImpl.invoke(DelegatingMethodAccessorImpl.java:43)]]></system-err>
      </testcase>
      <testcase name="Test Cases/TC_Update Profile" time="0.066" classname="Test Cases/TC_Update Profile" status="FAILED">
         <failure type="FAILED" message="Test Cases/TC_Update Profile FAILED.&#xa;Reason:&#xa;com.kms.katalon.core.exception.StepFailedException: Expected status code is '400' but actual status code is '200'&#xa;	at com.kms.katalon.core.keyword.internal.KeywordMain.stepFailed(KeywordMain.groovy:39)&#xa;	at com.kms.katalon.core.webservice.keyword.builtin.VerifyResponseStatusCodeKeyword.verifyStatusCode(VerifyResponseStatusCodeKeyword.groovy:52)&#xa;	at com.kms.katalon.core.webservice.keyword.builtin.VerifyResponseStatusCodeKeyword.access$0(VerifyResponseStatusCodeKeyword.groovy)&#xa;	at com.kms.katalon.core.webservice.keyword.builtin.VerifyResponseStatusCodeKeyword$_verifyResponseStatusCode_closure1.doCall(VerifyResponseStatusCodeKeyword.groovy:42)&#xa;	at com.kms.katalon.core.webservice.keyword.builtin.VerifyResponseStatusCodeKeyword$_verifyResponseStatusCode_closure1.call(VerifyResponseStatusCodeKeyword.groovy)&#xa;	at com.kms.katalon.core.keyword.internal.KeywordMain.runKeyword(KeywordMain.groovy:75)&#xa;	at com.kms.katalon.core.webservice.keyword.builtin.VerifyResponseStatusCodeKeyword.verifyResponseStatusCode(VerifyResponseStatusCodeKeyword.groovy:37)&#xa;	at com.kms.katalon.core.webservice.keyword.builtin.VerifyResponseStatusCodeKeyword.execute(VerifyResponseStatusCodeKeyword.groovy:32)&#xa;	at com.kms.katalon.core.keyword.internal.KeywordExecutor.executeKeywordForPlatform(KeywordExecutor.groovy:74)&#xa;	at com.kms.katalon.core.webservice.keyword.WSBuiltInKeywords.verifyResponseStatusCode(WSBuiltInKeywords.groovy:331)&#xa;	at TC_Update Profile.run(TC_Update Profile:40)&#xa;	at com.kms.katalon.core.main.ScriptEngine.run(ScriptEngine.java:194)&#xa;	at com.kms.katalon.core.main.ScriptEngine.runScriptAsRawText(ScriptEngine.java:119)&#xa;	at com.kms.katalon.core.main.TestCaseExecutor.runScript(TestCaseExecutor.java:448)&#xa;	at com.kms.katalon.core.main.TestCaseExecutor.doExecute(TestCaseExecutor.java:439)&#xa;	at com.kms.katalon.core.main.TestCaseExecutor.processExecutionPhase(TestCaseExecutor.java:418)&#xa;	at com.kms.katalon.core.main.TestCaseExecutor.accessMainPhase(TestCaseExecutor.java:410)&#xa;	at com.kms.katalon.core.main.TestCaseExecutor.execute(TestCaseExecutor.java:285)&#xa;	at com.kms.katalon.core.common.CommonExecutor.accessTestCaseMainPhase(CommonExecutor.java:65)&#xa;	at com.kms.katalon.core.main.TestSuiteExecutor.accessTestSuiteMainPhase(TestSuiteExecutor.java:150)&#xa;	at com.kms.katalon.core.main.TestSuiteExecutor.execute(TestSuiteExecutor.java:106)&#xa;	at com.kms.katalon.core.main.TestCaseMain.startTestSuite(TestCaseMain.java:180)&#xa;	at TempTestSuite1724576846473.run(TempTestSuite1724576846473.groovy:35)&#xa;	at java.base/jdk.internal.reflect.NativeMethodAccessorImpl.invoke0(Native Method)&#xa;	at java.base/jdk.internal.reflect.NativeMethodAccessorImpl.invoke(NativeMethodAccessorImpl.java:77)&#xa;	at java.base/jdk.internal.reflect.DelegatingMethodAccessorImpl.invoke(DelegatingMethodAccessorImpl.java:43)&#xa;"/>
         <system-out><![CDATA[25-08-2024T16:07:41 - [TEST_CASE][FAILED] - Test Cases/TC_Update Profile: Test Cases/TC_Update Profile FAILED.
Reason:
com.kms.katalon.core.exception.StepFailedException: Expected status code is '400' but actual status code is '200'
	at com.kms.katalon.core.keyword.internal.KeywordMain.stepFailed(KeywordMain.groovy:39)
	at com.kms.katalon.core.webservice.keyword.builtin.VerifyResponseStatusCodeKeyword.verifyStatusCode(VerifyResponseStatusCodeKeyword.groovy:52)
	at com.kms.katalon.core.webservice.keyword.builtin.VerifyResponseStatusCodeKeyword.access$0(VerifyResponseStatusCodeKeyword.groovy)
	at com.kms.katalon.core.webservice.keyword.builtin.VerifyResponseStatusCodeKeyword$_verifyResponseStatusCode_closure1.doCall(VerifyResponseStatusCodeKeyword.groovy:42)
	at com.kms.katalon.core.webservice.keyword.builtin.VerifyResponseStatusCodeKeyword$_verifyResponseStatusCode_closure1.call(VerifyResponseStatusCodeKeyword.groovy)
	at com.kms.katalon.core.keyword.internal.KeywordMain.runKeyword(KeywordMain.groovy:75)
	at com.kms.katalon.core.webservice.keyword.builtin.VerifyResponseStatusCodeKeyword.verifyResponseStatusCode(VerifyResponseStatusCodeKeyword.groovy:37)
	at com.kms.katalon.core.webservice.keyword.builtin.VerifyResponseStatusCodeKeyword.execute(VerifyResponseStatusCodeKeyword.groovy:32)
	at com.kms.katalon.core.keyword.internal.KeywordExecutor.executeKeywordForPlatform(KeywordExecutor.groovy:74)
	at com.kms.katalon.core.webservice.keyword.WSBuiltInKeywords.verifyResponseStatusCode(WSBuiltInKeywords.groovy:331)
	at TC_Update Profile.run(TC_Update Profile:40)
	at com.kms.katalon.core.main.ScriptEngine.run(ScriptEngine.java:194)
	at com.kms.katalon.core.main.ScriptEngine.runScriptAsRawText(ScriptEngine.java:119)
	at com.kms.katalon.core.main.TestCaseExecutor.runScript(TestCaseExecutor.java:448)
	at com.kms.katalon.core.main.TestCaseExecutor.doExecute(TestCaseExecutor.java:439)
	at com.kms.katalon.core.main.TestCaseExecutor.processExecutionPhase(TestCaseExecutor.java:418)
	at com.kms.katalon.core.main.TestCaseExecutor.accessMainPhase(TestCaseExecutor.java:410)
	at com.kms.katalon.core.main.TestCaseExecutor.execute(TestCaseExecutor.java:285)
	at com.kms.katalon.core.common.CommonExecutor.accessTestCaseMainPhase(CommonExecutor.java:65)
	at com.kms.katalon.core.main.TestSuiteExecutor.accessTestSuiteMainPhase(TestSuiteExecutor.java:150)
	at com.kms.katalon.core.main.TestSuiteExecutor.execute(TestSuiteExecutor.java:106)
	at com.kms.katalon.core.main.TestCaseMain.startTestSuite(TestCaseMain.java:180)
	at TempTestSuite1724576846473.run(TempTestSuite1724576846473.groovy:35)
	at java.base/jdk.internal.reflect.NativeMethodAccessorImpl.invoke0(Native Method)
	at java.base/jdk.internal.reflect.NativeMethodAccessorImpl.invoke(NativeMethodAccessorImpl.java:77)
	at java.base/jdk.internal.reflect.DelegatingMethodAccessorImpl.invoke(DelegatingMethodAccessorImpl.java:43)


25-08-2024T16:07:41 - [TEST_STEP][PASSED] - authorizationHeader = new com.kms.katalon.core.testobject.TestObjectProperty(Authorization, com.kms.katalon.core.testobject.ConditionType.EQUALS, (Bearer  + internal.GlobalVariable.token)): null

25-08-2024T16:07:41 - [TEST_STEP][PASSED] - req = findTestObject("API_Update Profile", ["userId":myId, "name":name, "phone":phone, "birthDate":birthDate, "personalEmail":personalEmail, "gender":gender]): null

25-08-2024T16:07:41 - [TEST_STEP][PASSED] - getHttpHeaderProperties().removeIf({ -> ... }): null

25-08-2024T16:07:41 - [TEST_STEP][PASSED] - getHttpHeaderProperties().add(authorizationHeader): null

25-08-2024T16:07:41 - [TEST_STEP][PASSED] - res = sendRequest(req): Send request successfully

25-08-2024T16:07:41 - [MESSAGE][INFO] - HAR: C:\Users\fanhi\OneDrive - VNU-HCMUS\Software_Testing_subAss\HW7\Source\API_21127661\Reports\20240825_160726\TS_Update Profile\20240825_160726\requests\main\2.har

25-08-2024T16:07:41 - [MESSAGE][PASSED] - Send request successfully

25-08-2024T16:07:41 - [TEST_STEP][FAILED] - verifyResponseStatusCode(res, expected.intValue(), CONTINUE_ON_FAILURE): Expected status code is '400' but actual status code is '200'

25-08-2024T16:07:41 - [MESSAGE][FAILED] - Expected status code is '400' but actual status code is '200'

25-08-2024T16:07:41 - [TEST_STEP][PASSED] - if (personalEmail == ""): null

25-08-2024T16:07:41 - [TEST_STEP][PASSED] - personalEmail = null: null

25-08-2024T16:07:41 - [TEST_STEP][PASSED] - formattedBirthDate = birthDate + "T00:00:00.000+00:00": null

25-08-2024T16:07:41 - [TEST_STEP][PASSED] - if (birthDate == ""): null

25-08-2024T16:07:41 - [TEST_STEP][PASSED] - if (expected.intValue() == 200): null]]></system-out>
         <system-err><![CDATA[25-08-2024T16:07:41 - [TEST_CASE][FAILED] - Test Cases/TC_Update Profile: Test Cases/TC_Update Profile FAILED.
Reason:
com.kms.katalon.core.exception.StepFailedException: Expected status code is '400' but actual status code is '200'
	at com.kms.katalon.core.keyword.internal.KeywordMain.stepFailed(KeywordMain.groovy:39)
	at com.kms.katalon.core.webservice.keyword.builtin.VerifyResponseStatusCodeKeyword.verifyStatusCode(VerifyResponseStatusCodeKeyword.groovy:52)
	at com.kms.katalon.core.webservice.keyword.builtin.VerifyResponseStatusCodeKeyword.access$0(VerifyResponseStatusCodeKeyword.groovy)
	at com.kms.katalon.core.webservice.keyword.builtin.VerifyResponseStatusCodeKeyword$_verifyResponseStatusCode_closure1.doCall(VerifyResponseStatusCodeKeyword.groovy:42)
	at com.kms.katalon.core.webservice.keyword.builtin.VerifyResponseStatusCodeKeyword$_verifyResponseStatusCode_closure1.call(VerifyResponseStatusCodeKeyword.groovy)
	at com.kms.katalon.core.keyword.internal.KeywordMain.runKeyword(KeywordMain.groovy:75)
	at com.kms.katalon.core.webservice.keyword.builtin.VerifyResponseStatusCodeKeyword.verifyResponseStatusCode(VerifyResponseStatusCodeKeyword.groovy:37)
	at com.kms.katalon.core.webservice.keyword.builtin.VerifyResponseStatusCodeKeyword.execute(VerifyResponseStatusCodeKeyword.groovy:32)
	at com.kms.katalon.core.keyword.internal.KeywordExecutor.executeKeywordForPlatform(KeywordExecutor.groovy:74)
	at com.kms.katalon.core.webservice.keyword.WSBuiltInKeywords.verifyResponseStatusCode(WSBuiltInKeywords.groovy:331)
	at TC_Update Profile.run(TC_Update Profile:40)
	at com.kms.katalon.core.main.ScriptEngine.run(ScriptEngine.java:194)
	at com.kms.katalon.core.main.ScriptEngine.runScriptAsRawText(ScriptEngine.java:119)
	at com.kms.katalon.core.main.TestCaseExecutor.runScript(TestCaseExecutor.java:448)
	at com.kms.katalon.core.main.TestCaseExecutor.doExecute(TestCaseExecutor.java:439)
	at com.kms.katalon.core.main.TestCaseExecutor.processExecutionPhase(TestCaseExecutor.java:418)
	at com.kms.katalon.core.main.TestCaseExecutor.accessMainPhase(TestCaseExecutor.java:410)
	at com.kms.katalon.core.main.TestCaseExecutor.execute(TestCaseExecutor.java:285)
	at com.kms.katalon.core.common.CommonExecutor.accessTestCaseMainPhase(CommonExecutor.java:65)
	at com.kms.katalon.core.main.TestSuiteExecutor.accessTestSuiteMainPhase(TestSuiteExecutor.java:150)
	at com.kms.katalon.core.main.TestSuiteExecutor.execute(TestSuiteExecutor.java:106)
	at com.kms.katalon.core.main.TestCaseMain.startTestSuite(TestCaseMain.java:180)
	at TempTestSuite1724576846473.run(TempTestSuite1724576846473.groovy:35)
	at java.base/jdk.internal.reflect.NativeMethodAccessorImpl.invoke0(Native Method)
	at java.base/jdk.internal.reflect.NativeMethodAccessorImpl.invoke(NativeMethodAccessorImpl.java:77)
	at java.base/jdk.internal.reflect.DelegatingMethodAccessorImpl.invoke(DelegatingMethodAccessorImpl.java:43)]]></system-err>
      </testcase>
      <testcase name="Test Cases/TC_Update Profile" time="0.068" classname="Test Cases/TC_Update Profile" status="FAILED">
         <failure type="FAILED" message="Test Cases/TC_Update Profile FAILED.&#xa;Reason:&#xa;com.kms.katalon.core.exception.StepFailedException: Expected status code is '400' but actual status code is '200'&#xa;	at com.kms.katalon.core.keyword.internal.KeywordMain.stepFailed(KeywordMain.groovy:39)&#xa;	at com.kms.katalon.core.webservice.keyword.builtin.VerifyResponseStatusCodeKeyword.verifyStatusCode(VerifyResponseStatusCodeKeyword.groovy:52)&#xa;	at com.kms.katalon.core.webservice.keyword.builtin.VerifyResponseStatusCodeKeyword.access$0(VerifyResponseStatusCodeKeyword.groovy)&#xa;	at com.kms.katalon.core.webservice.keyword.builtin.VerifyResponseStatusCodeKeyword$_verifyResponseStatusCode_closure1.doCall(VerifyResponseStatusCodeKeyword.groovy:42)&#xa;	at com.kms.katalon.core.webservice.keyword.builtin.VerifyResponseStatusCodeKeyword$_verifyResponseStatusCode_closure1.call(VerifyResponseStatusCodeKeyword.groovy)&#xa;	at com.kms.katalon.core.keyword.internal.KeywordMain.runKeyword(KeywordMain.groovy:75)&#xa;	at com.kms.katalon.core.webservice.keyword.builtin.VerifyResponseStatusCodeKeyword.verifyResponseStatusCode(VerifyResponseStatusCodeKeyword.groovy:37)&#xa;	at com.kms.katalon.core.webservice.keyword.builtin.VerifyResponseStatusCodeKeyword.execute(VerifyResponseStatusCodeKeyword.groovy:32)&#xa;	at com.kms.katalon.core.keyword.internal.KeywordExecutor.executeKeywordForPlatform(KeywordExecutor.groovy:74)&#xa;	at com.kms.katalon.core.webservice.keyword.WSBuiltInKeywords.verifyResponseStatusCode(WSBuiltInKeywords.groovy:331)&#xa;	at TC_Update Profile.run(TC_Update Profile:40)&#xa;	at com.kms.katalon.core.main.ScriptEngine.run(ScriptEngine.java:194)&#xa;	at com.kms.katalon.core.main.ScriptEngine.runScriptAsRawText(ScriptEngine.java:119)&#xa;	at com.kms.katalon.core.main.TestCaseExecutor.runScript(TestCaseExecutor.java:448)&#xa;	at com.kms.katalon.core.main.TestCaseExecutor.doExecute(TestCaseExecutor.java:439)&#xa;	at com.kms.katalon.core.main.TestCaseExecutor.processExecutionPhase(TestCaseExecutor.java:418)&#xa;	at com.kms.katalon.core.main.TestCaseExecutor.accessMainPhase(TestCaseExecutor.java:410)&#xa;	at com.kms.katalon.core.main.TestCaseExecutor.execute(TestCaseExecutor.java:285)&#xa;	at com.kms.katalon.core.common.CommonExecutor.accessTestCaseMainPhase(CommonExecutor.java:65)&#xa;	at com.kms.katalon.core.main.TestSuiteExecutor.accessTestSuiteMainPhase(TestSuiteExecutor.java:150)&#xa;	at com.kms.katalon.core.main.TestSuiteExecutor.execute(TestSuiteExecutor.java:106)&#xa;	at com.kms.katalon.core.main.TestCaseMain.startTestSuite(TestCaseMain.java:180)&#xa;	at TempTestSuite1724576846473.run(TempTestSuite1724576846473.groovy:35)&#xa;	at java.base/jdk.internal.reflect.NativeMethodAccessorImpl.invoke0(Native Method)&#xa;	at java.base/jdk.internal.reflect.NativeMethodAccessorImpl.invoke(NativeMethodAccessorImpl.java:77)&#xa;	at java.base/jdk.internal.reflect.DelegatingMethodAccessorImpl.invoke(DelegatingMethodAccessorImpl.java:43)&#xa;"/>
         <system-out><![CDATA[25-08-2024T16:07:41 - [TEST_CASE][FAILED] - Test Cases/TC_Update Profile: Test Cases/TC_Update Profile FAILED.
Reason:
com.kms.katalon.core.exception.StepFailedException: Expected status code is '400' but actual status code is '200'
	at com.kms.katalon.core.keyword.internal.KeywordMain.stepFailed(KeywordMain.groovy:39)
	at com.kms.katalon.core.webservice.keyword.builtin.VerifyResponseStatusCodeKeyword.verifyStatusCode(VerifyResponseStatusCodeKeyword.groovy:52)
	at com.kms.katalon.core.webservice.keyword.builtin.VerifyResponseStatusCodeKeyword.access$0(VerifyResponseStatusCodeKeyword.groovy)
	at com.kms.katalon.core.webservice.keyword.builtin.VerifyResponseStatusCodeKeyword$_verifyResponseStatusCode_closure1.doCall(VerifyResponseStatusCodeKeyword.groovy:42)
	at com.kms.katalon.core.webservice.keyword.builtin.VerifyResponseStatusCodeKeyword$_verifyResponseStatusCode_closure1.call(VerifyResponseStatusCodeKeyword.groovy)
	at com.kms.katalon.core.keyword.internal.KeywordMain.runKeyword(KeywordMain.groovy:75)
	at com.kms.katalon.core.webservice.keyword.builtin.VerifyResponseStatusCodeKeyword.verifyResponseStatusCode(VerifyResponseStatusCodeKeyword.groovy:37)
	at com.kms.katalon.core.webservice.keyword.builtin.VerifyResponseStatusCodeKeyword.execute(VerifyResponseStatusCodeKeyword.groovy:32)
	at com.kms.katalon.core.keyword.internal.KeywordExecutor.executeKeywordForPlatform(KeywordExecutor.groovy:74)
	at com.kms.katalon.core.webservice.keyword.WSBuiltInKeywords.verifyResponseStatusCode(WSBuiltInKeywords.groovy:331)
	at TC_Update Profile.run(TC_Update Profile:40)
	at com.kms.katalon.core.main.ScriptEngine.run(ScriptEngine.java:194)
	at com.kms.katalon.core.main.ScriptEngine.runScriptAsRawText(ScriptEngine.java:119)
	at com.kms.katalon.core.main.TestCaseExecutor.runScript(TestCaseExecutor.java:448)
	at com.kms.katalon.core.main.TestCaseExecutor.doExecute(TestCaseExecutor.java:439)
	at com.kms.katalon.core.main.TestCaseExecutor.processExecutionPhase(TestCaseExecutor.java:418)
	at com.kms.katalon.core.main.TestCaseExecutor.accessMainPhase(TestCaseExecutor.java:410)
	at com.kms.katalon.core.main.TestCaseExecutor.execute(TestCaseExecutor.java:285)
	at com.kms.katalon.core.common.CommonExecutor.accessTestCaseMainPhase(CommonExecutor.java:65)
	at com.kms.katalon.core.main.TestSuiteExecutor.accessTestSuiteMainPhase(TestSuiteExecutor.java:150)
	at com.kms.katalon.core.main.TestSuiteExecutor.execute(TestSuiteExecutor.java:106)
	at com.kms.katalon.core.main.TestCaseMain.startTestSuite(TestCaseMain.java:180)
	at TempTestSuite1724576846473.run(TempTestSuite1724576846473.groovy:35)
	at java.base/jdk.internal.reflect.NativeMethodAccessorImpl.invoke0(Native Method)
	at java.base/jdk.internal.reflect.NativeMethodAccessorImpl.invoke(NativeMethodAccessorImpl.java:77)
	at java.base/jdk.internal.reflect.DelegatingMethodAccessorImpl.invoke(DelegatingMethodAccessorImpl.java:43)


25-08-2024T16:07:41 - [TEST_STEP][PASSED] - authorizationHeader = new com.kms.katalon.core.testobject.TestObjectProperty(Authorization, com.kms.katalon.core.testobject.ConditionType.EQUALS, (Bearer  + internal.GlobalVariable.token)): null

25-08-2024T16:07:41 - [TEST_STEP][PASSED] - req = findTestObject("API_Update Profile", ["userId":myId, "name":name, "phone":phone, "birthDate":birthDate, "personalEmail":personalEmail, "gender":gender]): null

25-08-2024T16:07:41 - [TEST_STEP][PASSED] - getHttpHeaderProperties().removeIf({ -> ... }): null

25-08-2024T16:07:41 - [TEST_STEP][PASSED] - getHttpHeaderProperties().add(authorizationHeader): null

25-08-2024T16:07:41 - [TEST_STEP][PASSED] - res = sendRequest(req): Send request successfully

25-08-2024T16:07:41 - [MESSAGE][INFO] - HAR: C:\Users\fanhi\OneDrive - VNU-HCMUS\Software_Testing_subAss\HW7\Source\API_21127661\Reports\20240825_160726\TS_Update Profile\20240825_160726\requests\main\3.har

25-08-2024T16:07:41 - [MESSAGE][PASSED] - Send request successfully

25-08-2024T16:07:41 - [TEST_STEP][FAILED] - verifyResponseStatusCode(res, expected.intValue(), CONTINUE_ON_FAILURE): Expected status code is '400' but actual status code is '200'

25-08-2024T16:07:41 - [MESSAGE][FAILED] - Expected status code is '400' but actual status code is '200'

25-08-2024T16:07:41 - [TEST_STEP][PASSED] - if (personalEmail == ""): null

25-08-2024T16:07:41 - [TEST_STEP][PASSED] - personalEmail = null: null

25-08-2024T16:07:41 - [TEST_STEP][PASSED] - formattedBirthDate = birthDate + "T00:00:00.000+00:00": null

25-08-2024T16:07:41 - [TEST_STEP][PASSED] - if (birthDate == ""): null

25-08-2024T16:07:41 - [TEST_STEP][PASSED] - if (expected.intValue() == 200): null]]></system-out>
         <system-err><![CDATA[25-08-2024T16:07:41 - [TEST_CASE][FAILED] - Test Cases/TC_Update Profile: Test Cases/TC_Update Profile FAILED.
Reason:
com.kms.katalon.core.exception.StepFailedException: Expected status code is '400' but actual status code is '200'
	at com.kms.katalon.core.keyword.internal.KeywordMain.stepFailed(KeywordMain.groovy:39)
	at com.kms.katalon.core.webservice.keyword.builtin.VerifyResponseStatusCodeKeyword.verifyStatusCode(VerifyResponseStatusCodeKeyword.groovy:52)
	at com.kms.katalon.core.webservice.keyword.builtin.VerifyResponseStatusCodeKeyword.access$0(VerifyResponseStatusCodeKeyword.groovy)
	at com.kms.katalon.core.webservice.keyword.builtin.VerifyResponseStatusCodeKeyword$_verifyResponseStatusCode_closure1.doCall(VerifyResponseStatusCodeKeyword.groovy:42)
	at com.kms.katalon.core.webservice.keyword.builtin.VerifyResponseStatusCodeKeyword$_verifyResponseStatusCode_closure1.call(VerifyResponseStatusCodeKeyword.groovy)
	at com.kms.katalon.core.keyword.internal.KeywordMain.runKeyword(KeywordMain.groovy:75)
	at com.kms.katalon.core.webservice.keyword.builtin.VerifyResponseStatusCodeKeyword.verifyResponseStatusCode(VerifyResponseStatusCodeKeyword.groovy:37)
	at com.kms.katalon.core.webservice.keyword.builtin.VerifyResponseStatusCodeKeyword.execute(VerifyResponseStatusCodeKeyword.groovy:32)
	at com.kms.katalon.core.keyword.internal.KeywordExecutor.executeKeywordForPlatform(KeywordExecutor.groovy:74)
	at com.kms.katalon.core.webservice.keyword.WSBuiltInKeywords.verifyResponseStatusCode(WSBuiltInKeywords.groovy:331)
	at TC_Update Profile.run(TC_Update Profile:40)
	at com.kms.katalon.core.main.ScriptEngine.run(ScriptEngine.java:194)
	at com.kms.katalon.core.main.ScriptEngine.runScriptAsRawText(ScriptEngine.java:119)
	at com.kms.katalon.core.main.TestCaseExecutor.runScript(TestCaseExecutor.java:448)
	at com.kms.katalon.core.main.TestCaseExecutor.doExecute(TestCaseExecutor.java:439)
	at com.kms.katalon.core.main.TestCaseExecutor.processExecutionPhase(TestCaseExecutor.java:418)
	at com.kms.katalon.core.main.TestCaseExecutor.accessMainPhase(TestCaseExecutor.java:410)
	at com.kms.katalon.core.main.TestCaseExecutor.execute(TestCaseExecutor.java:285)
	at com.kms.katalon.core.common.CommonExecutor.accessTestCaseMainPhase(CommonExecutor.java:65)
	at com.kms.katalon.core.main.TestSuiteExecutor.accessTestSuiteMainPhase(TestSuiteExecutor.java:150)
	at com.kms.katalon.core.main.TestSuiteExecutor.execute(TestSuiteExecutor.java:106)
	at com.kms.katalon.core.main.TestCaseMain.startTestSuite(TestCaseMain.java:180)
	at TempTestSuite1724576846473.run(TempTestSuite1724576846473.groovy:35)
	at java.base/jdk.internal.reflect.NativeMethodAccessorImpl.invoke0(Native Method)
	at java.base/jdk.internal.reflect.NativeMethodAccessorImpl.invoke(NativeMethodAccessorImpl.java:77)
	at java.base/jdk.internal.reflect.DelegatingMethodAccessorImpl.invoke(DelegatingMethodAccessorImpl.java:43)]]></system-err>
      </testcase>
      <testcase name="Test Cases/TC_Update Profile" time="0.067" classname="Test Cases/TC_Update Profile" status="FAILED">
         <failure type="FAILED" message="Test Cases/TC_Update Profile FAILED.&#xa;Reason:&#xa;com.kms.katalon.core.exception.StepFailedException: Expected status code is '400' but actual status code is '200'&#xa;	at com.kms.katalon.core.keyword.internal.KeywordMain.stepFailed(KeywordMain.groovy:39)&#xa;	at com.kms.katalon.core.webservice.keyword.builtin.VerifyResponseStatusCodeKeyword.verifyStatusCode(VerifyResponseStatusCodeKeyword.groovy:52)&#xa;	at com.kms.katalon.core.webservice.keyword.builtin.VerifyResponseStatusCodeKeyword.access$0(VerifyResponseStatusCodeKeyword.groovy)&#xa;	at com.kms.katalon.core.webservice.keyword.builtin.VerifyResponseStatusCodeKeyword$_verifyResponseStatusCode_closure1.doCall(VerifyResponseStatusCodeKeyword.groovy:42)&#xa;	at com.kms.katalon.core.webservice.keyword.builtin.VerifyResponseStatusCodeKeyword$_verifyResponseStatusCode_closure1.call(VerifyResponseStatusCodeKeyword.groovy)&#xa;	at com.kms.katalon.core.keyword.internal.KeywordMain.runKeyword(KeywordMain.groovy:75)&#xa;	at com.kms.katalon.core.webservice.keyword.builtin.VerifyResponseStatusCodeKeyword.verifyResponseStatusCode(VerifyResponseStatusCodeKeyword.groovy:37)&#xa;	at com.kms.katalon.core.webservice.keyword.builtin.VerifyResponseStatusCodeKeyword.execute(VerifyResponseStatusCodeKeyword.groovy:32)&#xa;	at com.kms.katalon.core.keyword.internal.KeywordExecutor.executeKeywordForPlatform(KeywordExecutor.groovy:74)&#xa;	at com.kms.katalon.core.webservice.keyword.WSBuiltInKeywords.verifyResponseStatusCode(WSBuiltInKeywords.groovy:331)&#xa;	at TC_Update Profile.run(TC_Update Profile:40)&#xa;	at com.kms.katalon.core.main.ScriptEngine.run(ScriptEngine.java:194)&#xa;	at com.kms.katalon.core.main.ScriptEngine.runScriptAsRawText(ScriptEngine.java:119)&#xa;	at com.kms.katalon.core.main.TestCaseExecutor.runScript(TestCaseExecutor.java:448)&#xa;	at com.kms.katalon.core.main.TestCaseExecutor.doExecute(TestCaseExecutor.java:439)&#xa;	at com.kms.katalon.core.main.TestCaseExecutor.processExecutionPhase(TestCaseExecutor.java:418)&#xa;	at com.kms.katalon.core.main.TestCaseExecutor.accessMainPhase(TestCaseExecutor.java:410)&#xa;	at com.kms.katalon.core.main.TestCaseExecutor.execute(TestCaseExecutor.java:285)&#xa;	at com.kms.katalon.core.common.CommonExecutor.accessTestCaseMainPhase(CommonExecutor.java:65)&#xa;	at com.kms.katalon.core.main.TestSuiteExecutor.accessTestSuiteMainPhase(TestSuiteExecutor.java:150)&#xa;	at com.kms.katalon.core.main.TestSuiteExecutor.execute(TestSuiteExecutor.java:106)&#xa;	at com.kms.katalon.core.main.TestCaseMain.startTestSuite(TestCaseMain.java:180)&#xa;	at TempTestSuite1724576846473.run(TempTestSuite1724576846473.groovy:35)&#xa;	at java.base/jdk.internal.reflect.NativeMethodAccessorImpl.invoke0(Native Method)&#xa;	at java.base/jdk.internal.reflect.NativeMethodAccessorImpl.invoke(NativeMethodAccessorImpl.java:77)&#xa;	at java.base/jdk.internal.reflect.DelegatingMethodAccessorImpl.invoke(DelegatingMethodAccessorImpl.java:43)&#xa;"/>
         <system-out><![CDATA[25-08-2024T16:07:41 - [TEST_CASE][FAILED] - Test Cases/TC_Update Profile: Test Cases/TC_Update Profile FAILED.
Reason:
com.kms.katalon.core.exception.StepFailedException: Expected status code is '400' but actual status code is '200'
	at com.kms.katalon.core.keyword.internal.KeywordMain.stepFailed(KeywordMain.groovy:39)
	at com.kms.katalon.core.webservice.keyword.builtin.VerifyResponseStatusCodeKeyword.verifyStatusCode(VerifyResponseStatusCodeKeyword.groovy:52)
	at com.kms.katalon.core.webservice.keyword.builtin.VerifyResponseStatusCodeKeyword.access$0(VerifyResponseStatusCodeKeyword.groovy)
	at com.kms.katalon.core.webservice.keyword.builtin.VerifyResponseStatusCodeKeyword$_verifyResponseStatusCode_closure1.doCall(VerifyResponseStatusCodeKeyword.groovy:42)
	at com.kms.katalon.core.webservice.keyword.builtin.VerifyResponseStatusCodeKeyword$_verifyResponseStatusCode_closure1.call(VerifyResponseStatusCodeKeyword.groovy)
	at com.kms.katalon.core.keyword.internal.KeywordMain.runKeyword(KeywordMain.groovy:75)
	at com.kms.katalon.core.webservice.keyword.builtin.VerifyResponseStatusCodeKeyword.verifyResponseStatusCode(VerifyResponseStatusCodeKeyword.groovy:37)
	at com.kms.katalon.core.webservice.keyword.builtin.VerifyResponseStatusCodeKeyword.execute(VerifyResponseStatusCodeKeyword.groovy:32)
	at com.kms.katalon.core.keyword.internal.KeywordExecutor.executeKeywordForPlatform(KeywordExecutor.groovy:74)
	at com.kms.katalon.core.webservice.keyword.WSBuiltInKeywords.verifyResponseStatusCode(WSBuiltInKeywords.groovy:331)
	at TC_Update Profile.run(TC_Update Profile:40)
	at com.kms.katalon.core.main.ScriptEngine.run(ScriptEngine.java:194)
	at com.kms.katalon.core.main.ScriptEngine.runScriptAsRawText(ScriptEngine.java:119)
	at com.kms.katalon.core.main.TestCaseExecutor.runScript(TestCaseExecutor.java:448)
	at com.kms.katalon.core.main.TestCaseExecutor.doExecute(TestCaseExecutor.java:439)
	at com.kms.katalon.core.main.TestCaseExecutor.processExecutionPhase(TestCaseExecutor.java:418)
	at com.kms.katalon.core.main.TestCaseExecutor.accessMainPhase(TestCaseExecutor.java:410)
	at com.kms.katalon.core.main.TestCaseExecutor.execute(TestCaseExecutor.java:285)
	at com.kms.katalon.core.common.CommonExecutor.accessTestCaseMainPhase(CommonExecutor.java:65)
	at com.kms.katalon.core.main.TestSuiteExecutor.accessTestSuiteMainPhase(TestSuiteExecutor.java:150)
	at com.kms.katalon.core.main.TestSuiteExecutor.execute(TestSuiteExecutor.java:106)
	at com.kms.katalon.core.main.TestCaseMain.startTestSuite(TestCaseMain.java:180)
	at TempTestSuite1724576846473.run(TempTestSuite1724576846473.groovy:35)
	at java.base/jdk.internal.reflect.NativeMethodAccessorImpl.invoke0(Native Method)
	at java.base/jdk.internal.reflect.NativeMethodAccessorImpl.invoke(NativeMethodAccessorImpl.java:77)
	at java.base/jdk.internal.reflect.DelegatingMethodAccessorImpl.invoke(DelegatingMethodAccessorImpl.java:43)


25-08-2024T16:07:41 - [TEST_STEP][PASSED] - authorizationHeader = new com.kms.katalon.core.testobject.TestObjectProperty(Authorization, com.kms.katalon.core.testobject.ConditionType.EQUALS, (Bearer  + internal.GlobalVariable.token)): null

25-08-2024T16:07:41 - [TEST_STEP][PASSED] - req = findTestObject("API_Update Profile", ["userId":myId, "name":name, "phone":phone, "birthDate":birthDate, "personalEmail":personalEmail, "gender":gender]): null

25-08-2024T16:07:41 - [TEST_STEP][PASSED] - getHttpHeaderProperties().removeIf({ -> ... }): null

25-08-2024T16:07:41 - [TEST_STEP][PASSED] - getHttpHeaderProperties().add(authorizationHeader): null

25-08-2024T16:07:41 - [TEST_STEP][PASSED] - res = sendRequest(req): Send request successfully

25-08-2024T16:07:41 - [MESSAGE][INFO] - HAR: C:\Users\fanhi\OneDrive - VNU-HCMUS\Software_Testing_subAss\HW7\Source\API_21127661\Reports\20240825_160726\TS_Update Profile\20240825_160726\requests\main\4.har

25-08-2024T16:07:41 - [MESSAGE][PASSED] - Send request successfully

25-08-2024T16:07:41 - [TEST_STEP][FAILED] - verifyResponseStatusCode(res, expected.intValue(), CONTINUE_ON_FAILURE): Expected status code is '400' but actual status code is '200'

25-08-2024T16:07:41 - [MESSAGE][FAILED] - Expected status code is '400' but actual status code is '200'

25-08-2024T16:07:41 - [TEST_STEP][PASSED] - if (personalEmail == ""): null

25-08-2024T16:07:41 - [TEST_STEP][PASSED] - personalEmail = null: null

25-08-2024T16:07:41 - [TEST_STEP][PASSED] - formattedBirthDate = birthDate + "T00:00:00.000+00:00": null

25-08-2024T16:07:41 - [TEST_STEP][PASSED] - if (birthDate == ""): null

25-08-2024T16:07:41 - [TEST_STEP][PASSED] - if (expected.intValue() == 200): null]]></system-out>
         <system-err><![CDATA[25-08-2024T16:07:41 - [TEST_CASE][FAILED] - Test Cases/TC_Update Profile: Test Cases/TC_Update Profile FAILED.
Reason:
com.kms.katalon.core.exception.StepFailedException: Expected status code is '400' but actual status code is '200'
	at com.kms.katalon.core.keyword.internal.KeywordMain.stepFailed(KeywordMain.groovy:39)
	at com.kms.katalon.core.webservice.keyword.builtin.VerifyResponseStatusCodeKeyword.verifyStatusCode(VerifyResponseStatusCodeKeyword.groovy:52)
	at com.kms.katalon.core.webservice.keyword.builtin.VerifyResponseStatusCodeKeyword.access$0(VerifyResponseStatusCodeKeyword.groovy)
	at com.kms.katalon.core.webservice.keyword.builtin.VerifyResponseStatusCodeKeyword$_verifyResponseStatusCode_closure1.doCall(VerifyResponseStatusCodeKeyword.groovy:42)
	at com.kms.katalon.core.webservice.keyword.builtin.VerifyResponseStatusCodeKeyword$_verifyResponseStatusCode_closure1.call(VerifyResponseStatusCodeKeyword.groovy)
	at com.kms.katalon.core.keyword.internal.KeywordMain.runKeyword(KeywordMain.groovy:75)
	at com.kms.katalon.core.webservice.keyword.builtin.VerifyResponseStatusCodeKeyword.verifyResponseStatusCode(VerifyResponseStatusCodeKeyword.groovy:37)
	at com.kms.katalon.core.webservice.keyword.builtin.VerifyResponseStatusCodeKeyword.execute(VerifyResponseStatusCodeKeyword.groovy:32)
	at com.kms.katalon.core.keyword.internal.KeywordExecutor.executeKeywordForPlatform(KeywordExecutor.groovy:74)
	at com.kms.katalon.core.webservice.keyword.WSBuiltInKeywords.verifyResponseStatusCode(WSBuiltInKeywords.groovy:331)
	at TC_Update Profile.run(TC_Update Profile:40)
	at com.kms.katalon.core.main.ScriptEngine.run(ScriptEngine.java:194)
	at com.kms.katalon.core.main.ScriptEngine.runScriptAsRawText(ScriptEngine.java:119)
	at com.kms.katalon.core.main.TestCaseExecutor.runScript(TestCaseExecutor.java:448)
	at com.kms.katalon.core.main.TestCaseExecutor.doExecute(TestCaseExecutor.java:439)
	at com.kms.katalon.core.main.TestCaseExecutor.processExecutionPhase(TestCaseExecutor.java:418)
	at com.kms.katalon.core.main.TestCaseExecutor.accessMainPhase(TestCaseExecutor.java:410)
	at com.kms.katalon.core.main.TestCaseExecutor.execute(TestCaseExecutor.java:285)
	at com.kms.katalon.core.common.CommonExecutor.accessTestCaseMainPhase(CommonExecutor.java:65)
	at com.kms.katalon.core.main.TestSuiteExecutor.accessTestSuiteMainPhase(TestSuiteExecutor.java:150)
	at com.kms.katalon.core.main.TestSuiteExecutor.execute(TestSuiteExecutor.java:106)
	at com.kms.katalon.core.main.TestCaseMain.startTestSuite(TestCaseMain.java:180)
	at TempTestSuite1724576846473.run(TempTestSuite1724576846473.groovy:35)
	at java.base/jdk.internal.reflect.NativeMethodAccessorImpl.invoke0(Native Method)
	at java.base/jdk.internal.reflect.NativeMethodAccessorImpl.invoke(NativeMethodAccessorImpl.java:77)
	at java.base/jdk.internal.reflect.DelegatingMethodAccessorImpl.invoke(DelegatingMethodAccessorImpl.java:43)]]></system-err>
      </testcase>
      <testcase name="Test Cases/TC_Update Profile" time="0.061" classname="Test Cases/TC_Update Profile" status="FAILED">
         <failure type="FAILED" message="Test Cases/TC_Update Profile FAILED.&#xa;Reason:&#xa;com.kms.katalon.core.exception.StepFailedException: Expected status code is '400' but actual status code is '200'&#xa;	at com.kms.katalon.core.keyword.internal.KeywordMain.stepFailed(KeywordMain.groovy:39)&#xa;	at com.kms.katalon.core.webservice.keyword.builtin.VerifyResponseStatusCodeKeyword.verifyStatusCode(VerifyResponseStatusCodeKeyword.groovy:52)&#xa;	at com.kms.katalon.core.webservice.keyword.builtin.VerifyResponseStatusCodeKeyword.access$0(VerifyResponseStatusCodeKeyword.groovy)&#xa;	at com.kms.katalon.core.webservice.keyword.builtin.VerifyResponseStatusCodeKeyword$_verifyResponseStatusCode_closure1.doCall(VerifyResponseStatusCodeKeyword.groovy:42)&#xa;	at com.kms.katalon.core.webservice.keyword.builtin.VerifyResponseStatusCodeKeyword$_verifyResponseStatusCode_closure1.call(VerifyResponseStatusCodeKeyword.groovy)&#xa;	at com.kms.katalon.core.keyword.internal.KeywordMain.runKeyword(KeywordMain.groovy:75)&#xa;	at com.kms.katalon.core.webservice.keyword.builtin.VerifyResponseStatusCodeKeyword.verifyResponseStatusCode(VerifyResponseStatusCodeKeyword.groovy:37)&#xa;	at com.kms.katalon.core.webservice.keyword.builtin.VerifyResponseStatusCodeKeyword.execute(VerifyResponseStatusCodeKeyword.groovy:32)&#xa;	at com.kms.katalon.core.keyword.internal.KeywordExecutor.executeKeywordForPlatform(KeywordExecutor.groovy:74)&#xa;	at com.kms.katalon.core.webservice.keyword.WSBuiltInKeywords.verifyResponseStatusCode(WSBuiltInKeywords.groovy:331)&#xa;	at TC_Update Profile.run(TC_Update Profile:40)&#xa;	at com.kms.katalon.core.main.ScriptEngine.run(ScriptEngine.java:194)&#xa;	at com.kms.katalon.core.main.ScriptEngine.runScriptAsRawText(ScriptEngine.java:119)&#xa;	at com.kms.katalon.core.main.TestCaseExecutor.runScript(TestCaseExecutor.java:448)&#xa;	at com.kms.katalon.core.main.TestCaseExecutor.doExecute(TestCaseExecutor.java:439)&#xa;	at com.kms.katalon.core.main.TestCaseExecutor.processExecutionPhase(TestCaseExecutor.java:418)&#xa;	at com.kms.katalon.core.main.TestCaseExecutor.accessMainPhase(TestCaseExecutor.java:410)&#xa;	at com.kms.katalon.core.main.TestCaseExecutor.execute(TestCaseExecutor.java:285)&#xa;	at com.kms.katalon.core.common.CommonExecutor.accessTestCaseMainPhase(CommonExecutor.java:65)&#xa;	at com.kms.katalon.core.main.TestSuiteExecutor.accessTestSuiteMainPhase(TestSuiteExecutor.java:150)&#xa;	at com.kms.katalon.core.main.TestSuiteExecutor.execute(TestSuiteExecutor.java:106)&#xa;	at com.kms.katalon.core.main.TestCaseMain.startTestSuite(TestCaseMain.java:180)&#xa;	at TempTestSuite1724576846473.run(TempTestSuite1724576846473.groovy:35)&#xa;	at java.base/jdk.internal.reflect.NativeMethodAccessorImpl.invoke0(Native Method)&#xa;	at java.base/jdk.internal.reflect.NativeMethodAccessorImpl.invoke(NativeMethodAccessorImpl.java:77)&#xa;	at java.base/jdk.internal.reflect.DelegatingMethodAccessorImpl.invoke(DelegatingMethodAccessorImpl.java:43)&#xa;"/>
         <system-out><![CDATA[25-08-2024T16:07:41 - [TEST_CASE][FAILED] - Test Cases/TC_Update Profile: Test Cases/TC_Update Profile FAILED.
Reason:
com.kms.katalon.core.exception.StepFailedException: Expected status code is '400' but actual status code is '200'
	at com.kms.katalon.core.keyword.internal.KeywordMain.stepFailed(KeywordMain.groovy:39)
	at com.kms.katalon.core.webservice.keyword.builtin.VerifyResponseStatusCodeKeyword.verifyStatusCode(VerifyResponseStatusCodeKeyword.groovy:52)
	at com.kms.katalon.core.webservice.keyword.builtin.VerifyResponseStatusCodeKeyword.access$0(VerifyResponseStatusCodeKeyword.groovy)
	at com.kms.katalon.core.webservice.keyword.builtin.VerifyResponseStatusCodeKeyword$_verifyResponseStatusCode_closure1.doCall(VerifyResponseStatusCodeKeyword.groovy:42)
	at com.kms.katalon.core.webservice.keyword.builtin.VerifyResponseStatusCodeKeyword$_verifyResponseStatusCode_closure1.call(VerifyResponseStatusCodeKeyword.groovy)
	at com.kms.katalon.core.keyword.internal.KeywordMain.runKeyword(KeywordMain.groovy:75)
	at com.kms.katalon.core.webservice.keyword.builtin.VerifyResponseStatusCodeKeyword.verifyResponseStatusCode(VerifyResponseStatusCodeKeyword.groovy:37)
	at com.kms.katalon.core.webservice.keyword.builtin.VerifyResponseStatusCodeKeyword.execute(VerifyResponseStatusCodeKeyword.groovy:32)
	at com.kms.katalon.core.keyword.internal.KeywordExecutor.executeKeywordForPlatform(KeywordExecutor.groovy:74)
	at com.kms.katalon.core.webservice.keyword.WSBuiltInKeywords.verifyResponseStatusCode(WSBuiltInKeywords.groovy:331)
	at TC_Update Profile.run(TC_Update Profile:40)
	at com.kms.katalon.core.main.ScriptEngine.run(ScriptEngine.java:194)
	at com.kms.katalon.core.main.ScriptEngine.runScriptAsRawText(ScriptEngine.java:119)
	at com.kms.katalon.core.main.TestCaseExecutor.runScript(TestCaseExecutor.java:448)
	at com.kms.katalon.core.main.TestCaseExecutor.doExecute(TestCaseExecutor.java:439)
	at com.kms.katalon.core.main.TestCaseExecutor.processExecutionPhase(TestCaseExecutor.java:418)
	at com.kms.katalon.core.main.TestCaseExecutor.accessMainPhase(TestCaseExecutor.java:410)
	at com.kms.katalon.core.main.TestCaseExecutor.execute(TestCaseExecutor.java:285)
	at com.kms.katalon.core.common.CommonExecutor.accessTestCaseMainPhase(CommonExecutor.java:65)
	at com.kms.katalon.core.main.TestSuiteExecutor.accessTestSuiteMainPhase(TestSuiteExecutor.java:150)
	at com.kms.katalon.core.main.TestSuiteExecutor.execute(TestSuiteExecutor.java:106)
	at com.kms.katalon.core.main.TestCaseMain.startTestSuite(TestCaseMain.java:180)
	at TempTestSuite1724576846473.run(TempTestSuite1724576846473.groovy:35)
	at java.base/jdk.internal.reflect.NativeMethodAccessorImpl.invoke0(Native Method)
	at java.base/jdk.internal.reflect.NativeMethodAccessorImpl.invoke(NativeMethodAccessorImpl.java:77)
	at java.base/jdk.internal.reflect.DelegatingMethodAccessorImpl.invoke(DelegatingMethodAccessorImpl.java:43)


25-08-2024T16:07:41 - [TEST_STEP][PASSED] - authorizationHeader = new com.kms.katalon.core.testobject.TestObjectProperty(Authorization, com.kms.katalon.core.testobject.ConditionType.EQUALS, (Bearer  + internal.GlobalVariable.token)): null

25-08-2024T16:07:41 - [TEST_STEP][PASSED] - req = findTestObject("API_Update Profile", ["userId":myId, "name":name, "phone":phone, "birthDate":birthDate, "personalEmail":personalEmail, "gender":gender]): null

25-08-2024T16:07:41 - [TEST_STEP][PASSED] - getHttpHeaderProperties().removeIf({ -> ... }): null

25-08-2024T16:07:41 - [TEST_STEP][PASSED] - getHttpHeaderProperties().add(authorizationHeader): null

25-08-2024T16:07:41 - [TEST_STEP][PASSED] - res = sendRequest(req): Send request successfully

25-08-2024T16:07:41 - [MESSAGE][INFO] - HAR: C:\Users\fanhi\OneDrive - VNU-HCMUS\Software_Testing_subAss\HW7\Source\API_21127661\Reports\20240825_160726\TS_Update Profile\20240825_160726\requests\main\5.har

25-08-2024T16:07:41 - [MESSAGE][PASSED] - Send request successfully

25-08-2024T16:07:41 - [TEST_STEP][FAILED] - verifyResponseStatusCode(res, expected.intValue(), CONTINUE_ON_FAILURE): Expected status code is '400' but actual status code is '200'

25-08-2024T16:07:41 - [MESSAGE][FAILED] - Expected status code is '400' but actual status code is '200'

25-08-2024T16:07:41 - [TEST_STEP][PASSED] - if (personalEmail == ""): null

25-08-2024T16:07:41 - [TEST_STEP][PASSED] - personalEmail = null: null

25-08-2024T16:07:41 - [TEST_STEP][PASSED] - formattedBirthDate = birthDate + "T00:00:00.000+00:00": null

25-08-2024T16:07:41 - [TEST_STEP][PASSED] - if (birthDate == ""): null

25-08-2024T16:07:41 - [TEST_STEP][PASSED] - if (expected.intValue() == 200): null]]></system-out>
         <system-err><![CDATA[25-08-2024T16:07:41 - [TEST_CASE][FAILED] - Test Cases/TC_Update Profile: Test Cases/TC_Update Profile FAILED.
Reason:
com.kms.katalon.core.exception.StepFailedException: Expected status code is '400' but actual status code is '200'
	at com.kms.katalon.core.keyword.internal.KeywordMain.stepFailed(KeywordMain.groovy:39)
	at com.kms.katalon.core.webservice.keyword.builtin.VerifyResponseStatusCodeKeyword.verifyStatusCode(VerifyResponseStatusCodeKeyword.groovy:52)
	at com.kms.katalon.core.webservice.keyword.builtin.VerifyResponseStatusCodeKeyword.access$0(VerifyResponseStatusCodeKeyword.groovy)
	at com.kms.katalon.core.webservice.keyword.builtin.VerifyResponseStatusCodeKeyword$_verifyResponseStatusCode_closure1.doCall(VerifyResponseStatusCodeKeyword.groovy:42)
	at com.kms.katalon.core.webservice.keyword.builtin.VerifyResponseStatusCodeKeyword$_verifyResponseStatusCode_closure1.call(VerifyResponseStatusCodeKeyword.groovy)
	at com.kms.katalon.core.keyword.internal.KeywordMain.runKeyword(KeywordMain.groovy:75)
	at com.kms.katalon.core.webservice.keyword.builtin.VerifyResponseStatusCodeKeyword.verifyResponseStatusCode(VerifyResponseStatusCodeKeyword.groovy:37)
	at com.kms.katalon.core.webservice.keyword.builtin.VerifyResponseStatusCodeKeyword.execute(VerifyResponseStatusCodeKeyword.groovy:32)
	at com.kms.katalon.core.keyword.internal.KeywordExecutor.executeKeywordForPlatform(KeywordExecutor.groovy:74)
	at com.kms.katalon.core.webservice.keyword.WSBuiltInKeywords.verifyResponseStatusCode(WSBuiltInKeywords.groovy:331)
	at TC_Update Profile.run(TC_Update Profile:40)
	at com.kms.katalon.core.main.ScriptEngine.run(ScriptEngine.java:194)
	at com.kms.katalon.core.main.ScriptEngine.runScriptAsRawText(ScriptEngine.java:119)
	at com.kms.katalon.core.main.TestCaseExecutor.runScript(TestCaseExecutor.java:448)
	at com.kms.katalon.core.main.TestCaseExecutor.doExecute(TestCaseExecutor.java:439)
	at com.kms.katalon.core.main.TestCaseExecutor.processExecutionPhase(TestCaseExecutor.java:418)
	at com.kms.katalon.core.main.TestCaseExecutor.accessMainPhase(TestCaseExecutor.java:410)
	at com.kms.katalon.core.main.TestCaseExecutor.execute(TestCaseExecutor.java:285)
	at com.kms.katalon.core.common.CommonExecutor.accessTestCaseMainPhase(CommonExecutor.java:65)
	at com.kms.katalon.core.main.TestSuiteExecutor.accessTestSuiteMainPhase(TestSuiteExecutor.java:150)
	at com.kms.katalon.core.main.TestSuiteExecutor.execute(TestSuiteExecutor.java:106)
	at com.kms.katalon.core.main.TestCaseMain.startTestSuite(TestCaseMain.java:180)
	at TempTestSuite1724576846473.run(TempTestSuite1724576846473.groovy:35)
	at java.base/jdk.internal.reflect.NativeMethodAccessorImpl.invoke0(Native Method)
	at java.base/jdk.internal.reflect.NativeMethodAccessorImpl.invoke(NativeMethodAccessorImpl.java:77)
	at java.base/jdk.internal.reflect.DelegatingMethodAccessorImpl.invoke(DelegatingMethodAccessorImpl.java:43)]]></system-err>
      </testcase>
      <testcase name="Test Cases/TC_Update Profile" time="0.064" classname="Test Cases/TC_Update Profile" status="FAILED">
         <failure type="FAILED" message="Test Cases/TC_Update Profile FAILED.&#xa;Reason:&#xa;com.kms.katalon.core.exception.StepFailedException: Expected status code is '400' but actual status code is '200'&#xa;	at com.kms.katalon.core.keyword.internal.KeywordMain.stepFailed(KeywordMain.groovy:39)&#xa;	at com.kms.katalon.core.webservice.keyword.builtin.VerifyResponseStatusCodeKeyword.verifyStatusCode(VerifyResponseStatusCodeKeyword.groovy:52)&#xa;	at com.kms.katalon.core.webservice.keyword.builtin.VerifyResponseStatusCodeKeyword.access$0(VerifyResponseStatusCodeKeyword.groovy)&#xa;	at com.kms.katalon.core.webservice.keyword.builtin.VerifyResponseStatusCodeKeyword$_verifyResponseStatusCode_closure1.doCall(VerifyResponseStatusCodeKeyword.groovy:42)&#xa;	at com.kms.katalon.core.webservice.keyword.builtin.VerifyResponseStatusCodeKeyword$_verifyResponseStatusCode_closure1.call(VerifyResponseStatusCodeKeyword.groovy)&#xa;	at com.kms.katalon.core.keyword.internal.KeywordMain.runKeyword(KeywordMain.groovy:75)&#xa;	at com.kms.katalon.core.webservice.keyword.builtin.VerifyResponseStatusCodeKeyword.verifyResponseStatusCode(VerifyResponseStatusCodeKeyword.groovy:37)&#xa;	at com.kms.katalon.core.webservice.keyword.builtin.VerifyResponseStatusCodeKeyword.execute(VerifyResponseStatusCodeKeyword.groovy:32)&#xa;	at com.kms.katalon.core.keyword.internal.KeywordExecutor.executeKeywordForPlatform(KeywordExecutor.groovy:74)&#xa;	at com.kms.katalon.core.webservice.keyword.WSBuiltInKeywords.verifyResponseStatusCode(WSBuiltInKeywords.groovy:331)&#xa;	at TC_Update Profile.run(TC_Update Profile:40)&#xa;	at com.kms.katalon.core.main.ScriptEngine.run(ScriptEngine.java:194)&#xa;	at com.kms.katalon.core.main.ScriptEngine.runScriptAsRawText(ScriptEngine.java:119)&#xa;	at com.kms.katalon.core.main.TestCaseExecutor.runScript(TestCaseExecutor.java:448)&#xa;	at com.kms.katalon.core.main.TestCaseExecutor.doExecute(TestCaseExecutor.java:439)&#xa;	at com.kms.katalon.core.main.TestCaseExecutor.processExecutionPhase(TestCaseExecutor.java:418)&#xa;	at com.kms.katalon.core.main.TestCaseExecutor.accessMainPhase(TestCaseExecutor.java:410)&#xa;	at com.kms.katalon.core.main.TestCaseExecutor.execute(TestCaseExecutor.java:285)&#xa;	at com.kms.katalon.core.common.CommonExecutor.accessTestCaseMainPhase(CommonExecutor.java:65)&#xa;	at com.kms.katalon.core.main.TestSuiteExecutor.accessTestSuiteMainPhase(TestSuiteExecutor.java:150)&#xa;	at com.kms.katalon.core.main.TestSuiteExecutor.execute(TestSuiteExecutor.java:106)&#xa;	at com.kms.katalon.core.main.TestCaseMain.startTestSuite(TestCaseMain.java:180)&#xa;	at TempTestSuite1724576846473.run(TempTestSuite1724576846473.groovy:35)&#xa;	at java.base/jdk.internal.reflect.NativeMethodAccessorImpl.invoke0(Native Method)&#xa;	at java.base/jdk.internal.reflect.NativeMethodAccessorImpl.invoke(NativeMethodAccessorImpl.java:77)&#xa;	at java.base/jdk.internal.reflect.DelegatingMethodAccessorImpl.invoke(DelegatingMethodAccessorImpl.java:43)&#xa;"/>
         <system-out><![CDATA[25-08-2024T16:07:41 - [TEST_CASE][FAILED] - Test Cases/TC_Update Profile: Test Cases/TC_Update Profile FAILED.
Reason:
com.kms.katalon.core.exception.StepFailedException: Expected status code is '400' but actual status code is '200'
	at com.kms.katalon.core.keyword.internal.KeywordMain.stepFailed(KeywordMain.groovy:39)
	at com.kms.katalon.core.webservice.keyword.builtin.VerifyResponseStatusCodeKeyword.verifyStatusCode(VerifyResponseStatusCodeKeyword.groovy:52)
	at com.kms.katalon.core.webservice.keyword.builtin.VerifyResponseStatusCodeKeyword.access$0(VerifyResponseStatusCodeKeyword.groovy)
	at com.kms.katalon.core.webservice.keyword.builtin.VerifyResponseStatusCodeKeyword$_verifyResponseStatusCode_closure1.doCall(VerifyResponseStatusCodeKeyword.groovy:42)
	at com.kms.katalon.core.webservice.keyword.builtin.VerifyResponseStatusCodeKeyword$_verifyResponseStatusCode_closure1.call(VerifyResponseStatusCodeKeyword.groovy)
	at com.kms.katalon.core.keyword.internal.KeywordMain.runKeyword(KeywordMain.groovy:75)
	at com.kms.katalon.core.webservice.keyword.builtin.VerifyResponseStatusCodeKeyword.verifyResponseStatusCode(VerifyResponseStatusCodeKeyword.groovy:37)
	at com.kms.katalon.core.webservice.keyword.builtin.VerifyResponseStatusCodeKeyword.execute(VerifyResponseStatusCodeKeyword.groovy:32)
	at com.kms.katalon.core.keyword.internal.KeywordExecutor.executeKeywordForPlatform(KeywordExecutor.groovy:74)
	at com.kms.katalon.core.webservice.keyword.WSBuiltInKeywords.verifyResponseStatusCode(WSBuiltInKeywords.groovy:331)
	at TC_Update Profile.run(TC_Update Profile:40)
	at com.kms.katalon.core.main.ScriptEngine.run(ScriptEngine.java:194)
	at com.kms.katalon.core.main.ScriptEngine.runScriptAsRawText(ScriptEngine.java:119)
	at com.kms.katalon.core.main.TestCaseExecutor.runScript(TestCaseExecutor.java:448)
	at com.kms.katalon.core.main.TestCaseExecutor.doExecute(TestCaseExecutor.java:439)
	at com.kms.katalon.core.main.TestCaseExecutor.processExecutionPhase(TestCaseExecutor.java:418)
	at com.kms.katalon.core.main.TestCaseExecutor.accessMainPhase(TestCaseExecutor.java:410)
	at com.kms.katalon.core.main.TestCaseExecutor.execute(TestCaseExecutor.java:285)
	at com.kms.katalon.core.common.CommonExecutor.accessTestCaseMainPhase(CommonExecutor.java:65)
	at com.kms.katalon.core.main.TestSuiteExecutor.accessTestSuiteMainPhase(TestSuiteExecutor.java:150)
	at com.kms.katalon.core.main.TestSuiteExecutor.execute(TestSuiteExecutor.java:106)
	at com.kms.katalon.core.main.TestCaseMain.startTestSuite(TestCaseMain.java:180)
	at TempTestSuite1724576846473.run(TempTestSuite1724576846473.groovy:35)
	at java.base/jdk.internal.reflect.NativeMethodAccessorImpl.invoke0(Native Method)
	at java.base/jdk.internal.reflect.NativeMethodAccessorImpl.invoke(NativeMethodAccessorImpl.java:77)
	at java.base/jdk.internal.reflect.DelegatingMethodAccessorImpl.invoke(DelegatingMethodAccessorImpl.java:43)


25-08-2024T16:07:41 - [TEST_STEP][PASSED] - authorizationHeader = new com.kms.katalon.core.testobject.TestObjectProperty(Authorization, com.kms.katalon.core.testobject.ConditionType.EQUALS, (Bearer  + internal.GlobalVariable.token)): null

25-08-2024T16:07:41 - [TEST_STEP][PASSED] - req = findTestObject("API_Update Profile", ["userId":myId, "name":name, "phone":phone, "birthDate":birthDate, "personalEmail":personalEmail, "gender":gender]): null

25-08-2024T16:07:41 - [TEST_STEP][PASSED] - getHttpHeaderProperties().removeIf({ -> ... }): null

25-08-2024T16:07:41 - [TEST_STEP][PASSED] - getHttpHeaderProperties().add(authorizationHeader): null

25-08-2024T16:07:41 - [TEST_STEP][PASSED] - res = sendRequest(req): Send request successfully

25-08-2024T16:07:41 - [MESSAGE][INFO] - HAR: C:\Users\fanhi\OneDrive - VNU-HCMUS\Software_Testing_subAss\HW7\Source\API_21127661\Reports\20240825_160726\TS_Update Profile\20240825_160726\requests\main\6.har

25-08-2024T16:07:41 - [MESSAGE][PASSED] - Send request successfully

25-08-2024T16:07:41 - [TEST_STEP][FAILED] - verifyResponseStatusCode(res, expected.intValue(), CONTINUE_ON_FAILURE): Expected status code is '400' but actual status code is '200'

25-08-2024T16:07:41 - [MESSAGE][FAILED] - Expected status code is '400' but actual status code is '200'

25-08-2024T16:07:41 - [TEST_STEP][PASSED] - if (personalEmail == ""): null

25-08-2024T16:07:41 - [TEST_STEP][PASSED] - personalEmail = null: null

25-08-2024T16:07:41 - [TEST_STEP][PASSED] - formattedBirthDate = birthDate + "T00:00:00.000+00:00": null

25-08-2024T16:07:41 - [TEST_STEP][PASSED] - if (birthDate == ""): null

25-08-2024T16:07:41 - [TEST_STEP][PASSED] - if (expected.intValue() == 200): null]]></system-out>
         <system-err><![CDATA[25-08-2024T16:07:41 - [TEST_CASE][FAILED] - Test Cases/TC_Update Profile: Test Cases/TC_Update Profile FAILED.
Reason:
com.kms.katalon.core.exception.StepFailedException: Expected status code is '400' but actual status code is '200'
	at com.kms.katalon.core.keyword.internal.KeywordMain.stepFailed(KeywordMain.groovy:39)
	at com.kms.katalon.core.webservice.keyword.builtin.VerifyResponseStatusCodeKeyword.verifyStatusCode(VerifyResponseStatusCodeKeyword.groovy:52)
	at com.kms.katalon.core.webservice.keyword.builtin.VerifyResponseStatusCodeKeyword.access$0(VerifyResponseStatusCodeKeyword.groovy)
	at com.kms.katalon.core.webservice.keyword.builtin.VerifyResponseStatusCodeKeyword$_verifyResponseStatusCode_closure1.doCall(VerifyResponseStatusCodeKeyword.groovy:42)
	at com.kms.katalon.core.webservice.keyword.builtin.VerifyResponseStatusCodeKeyword$_verifyResponseStatusCode_closure1.call(VerifyResponseStatusCodeKeyword.groovy)
	at com.kms.katalon.core.keyword.internal.KeywordMain.runKeyword(KeywordMain.groovy:75)
	at com.kms.katalon.core.webservice.keyword.builtin.VerifyResponseStatusCodeKeyword.verifyResponseStatusCode(VerifyResponseStatusCodeKeyword.groovy:37)
	at com.kms.katalon.core.webservice.keyword.builtin.VerifyResponseStatusCodeKeyword.execute(VerifyResponseStatusCodeKeyword.groovy:32)
	at com.kms.katalon.core.keyword.internal.KeywordExecutor.executeKeywordForPlatform(KeywordExecutor.groovy:74)
	at com.kms.katalon.core.webservice.keyword.WSBuiltInKeywords.verifyResponseStatusCode(WSBuiltInKeywords.groovy:331)
	at TC_Update Profile.run(TC_Update Profile:40)
	at com.kms.katalon.core.main.ScriptEngine.run(ScriptEngine.java:194)
	at com.kms.katalon.core.main.ScriptEngine.runScriptAsRawText(ScriptEngine.java:119)
	at com.kms.katalon.core.main.TestCaseExecutor.runScript(TestCaseExecutor.java:448)
	at com.kms.katalon.core.main.TestCaseExecutor.doExecute(TestCaseExecutor.java:439)
	at com.kms.katalon.core.main.TestCaseExecutor.processExecutionPhase(TestCaseExecutor.java:418)
	at com.kms.katalon.core.main.TestCaseExecutor.accessMainPhase(TestCaseExecutor.java:410)
	at com.kms.katalon.core.main.TestCaseExecutor.execute(TestCaseExecutor.java:285)
	at com.kms.katalon.core.common.CommonExecutor.accessTestCaseMainPhase(CommonExecutor.java:65)
	at com.kms.katalon.core.main.TestSuiteExecutor.accessTestSuiteMainPhase(TestSuiteExecutor.java:150)
	at com.kms.katalon.core.main.TestSuiteExecutor.execute(TestSuiteExecutor.java:106)
	at com.kms.katalon.core.main.TestCaseMain.startTestSuite(TestCaseMain.java:180)
	at TempTestSuite1724576846473.run(TempTestSuite1724576846473.groovy:35)
	at java.base/jdk.internal.reflect.NativeMethodAccessorImpl.invoke0(Native Method)
	at java.base/jdk.internal.reflect.NativeMethodAccessorImpl.invoke(NativeMethodAccessorImpl.java:77)
	at java.base/jdk.internal.reflect.DelegatingMethodAccessorImpl.invoke(DelegatingMethodAccessorImpl.java:43)]]></system-err>
      </testcase>
      <testcase name="Test Cases/TC_Update Profile" time="0.055" classname="Test Cases/TC_Update Profile" status="FAILED">
         <failure type="FAILED" message="Test Cases/TC_Update Profile FAILED.&#xa;Reason:&#xa;com.kms.katalon.core.exception.StepFailedException: Expected status code is '400' but actual status code is '200'&#xa;	at com.kms.katalon.core.keyword.internal.KeywordMain.stepFailed(KeywordMain.groovy:39)&#xa;	at com.kms.katalon.core.webservice.keyword.builtin.VerifyResponseStatusCodeKeyword.verifyStatusCode(VerifyResponseStatusCodeKeyword.groovy:52)&#xa;	at com.kms.katalon.core.webservice.keyword.builtin.VerifyResponseStatusCodeKeyword.access$0(VerifyResponseStatusCodeKeyword.groovy)&#xa;	at com.kms.katalon.core.webservice.keyword.builtin.VerifyResponseStatusCodeKeyword$_verifyResponseStatusCode_closure1.doCall(VerifyResponseStatusCodeKeyword.groovy:42)&#xa;	at com.kms.katalon.core.webservice.keyword.builtin.VerifyResponseStatusCodeKeyword$_verifyResponseStatusCode_closure1.call(VerifyResponseStatusCodeKeyword.groovy)&#xa;	at com.kms.katalon.core.keyword.internal.KeywordMain.runKeyword(KeywordMain.groovy:75)&#xa;	at com.kms.katalon.core.webservice.keyword.builtin.VerifyResponseStatusCodeKeyword.verifyResponseStatusCode(VerifyResponseStatusCodeKeyword.groovy:37)&#xa;	at com.kms.katalon.core.webservice.keyword.builtin.VerifyResponseStatusCodeKeyword.execute(VerifyResponseStatusCodeKeyword.groovy:32)&#xa;	at com.kms.katalon.core.keyword.internal.KeywordExecutor.executeKeywordForPlatform(KeywordExecutor.groovy:74)&#xa;	at com.kms.katalon.core.webservice.keyword.WSBuiltInKeywords.verifyResponseStatusCode(WSBuiltInKeywords.groovy:331)&#xa;	at TC_Update Profile.run(TC_Update Profile:40)&#xa;	at com.kms.katalon.core.main.ScriptEngine.run(ScriptEngine.java:194)&#xa;	at com.kms.katalon.core.main.ScriptEngine.runScriptAsRawText(ScriptEngine.java:119)&#xa;	at com.kms.katalon.core.main.TestCaseExecutor.runScript(TestCaseExecutor.java:448)&#xa;	at com.kms.katalon.core.main.TestCaseExecutor.doExecute(TestCaseExecutor.java:439)&#xa;	at com.kms.katalon.core.main.TestCaseExecutor.processExecutionPhase(TestCaseExecutor.java:418)&#xa;	at com.kms.katalon.core.main.TestCaseExecutor.accessMainPhase(TestCaseExecutor.java:410)&#xa;	at com.kms.katalon.core.main.TestCaseExecutor.execute(TestCaseExecutor.java:285)&#xa;	at com.kms.katalon.core.common.CommonExecutor.accessTestCaseMainPhase(CommonExecutor.java:65)&#xa;	at com.kms.katalon.core.main.TestSuiteExecutor.accessTestSuiteMainPhase(TestSuiteExecutor.java:150)&#xa;	at com.kms.katalon.core.main.TestSuiteExecutor.execute(TestSuiteExecutor.java:106)&#xa;	at com.kms.katalon.core.main.TestCaseMain.startTestSuite(TestCaseMain.java:180)&#xa;	at TempTestSuite1724576846473.run(TempTestSuite1724576846473.groovy:35)&#xa;	at java.base/jdk.internal.reflect.NativeMethodAccessorImpl.invoke0(Native Method)&#xa;	at java.base/jdk.internal.reflect.NativeMethodAccessorImpl.invoke(NativeMethodAccessorImpl.java:77)&#xa;	at java.base/jdk.internal.reflect.DelegatingMethodAccessorImpl.invoke(DelegatingMethodAccessorImpl.java:43)&#xa;"/>
         <system-out><![CDATA[25-08-2024T16:07:41 - [TEST_CASE][FAILED] - Test Cases/TC_Update Profile: Test Cases/TC_Update Profile FAILED.
Reason:
com.kms.katalon.core.exception.StepFailedException: Expected status code is '400' but actual status code is '200'
	at com.kms.katalon.core.keyword.internal.KeywordMain.stepFailed(KeywordMain.groovy:39)
	at com.kms.katalon.core.webservice.keyword.builtin.VerifyResponseStatusCodeKeyword.verifyStatusCode(VerifyResponseStatusCodeKeyword.groovy:52)
	at com.kms.katalon.core.webservice.keyword.builtin.VerifyResponseStatusCodeKeyword.access$0(VerifyResponseStatusCodeKeyword.groovy)
	at com.kms.katalon.core.webservice.keyword.builtin.VerifyResponseStatusCodeKeyword$_verifyResponseStatusCode_closure1.doCall(VerifyResponseStatusCodeKeyword.groovy:42)
	at com.kms.katalon.core.webservice.keyword.builtin.VerifyResponseStatusCodeKeyword$_verifyResponseStatusCode_closure1.call(VerifyResponseStatusCodeKeyword.groovy)
	at com.kms.katalon.core.keyword.internal.KeywordMain.runKeyword(KeywordMain.groovy:75)
	at com.kms.katalon.core.webservice.keyword.builtin.VerifyResponseStatusCodeKeyword.verifyResponseStatusCode(VerifyResponseStatusCodeKeyword.groovy:37)
	at com.kms.katalon.core.webservice.keyword.builtin.VerifyResponseStatusCodeKeyword.execute(VerifyResponseStatusCodeKeyword.groovy:32)
	at com.kms.katalon.core.keyword.internal.KeywordExecutor.executeKeywordForPlatform(KeywordExecutor.groovy:74)
	at com.kms.katalon.core.webservice.keyword.WSBuiltInKeywords.verifyResponseStatusCode(WSBuiltInKeywords.groovy:331)
	at TC_Update Profile.run(TC_Update Profile:40)
	at com.kms.katalon.core.main.ScriptEngine.run(ScriptEngine.java:194)
	at com.kms.katalon.core.main.ScriptEngine.runScriptAsRawText(ScriptEngine.java:119)
	at com.kms.katalon.core.main.TestCaseExecutor.runScript(TestCaseExecutor.java:448)
	at com.kms.katalon.core.main.TestCaseExecutor.doExecute(TestCaseExecutor.java:439)
	at com.kms.katalon.core.main.TestCaseExecutor.processExecutionPhase(TestCaseExecutor.java:418)
	at com.kms.katalon.core.main.TestCaseExecutor.accessMainPhase(TestCaseExecutor.java:410)
	at com.kms.katalon.core.main.TestCaseExecutor.execute(TestCaseExecutor.java:285)
	at com.kms.katalon.core.common.CommonExecutor.accessTestCaseMainPhase(CommonExecutor.java:65)
	at com.kms.katalon.core.main.TestSuiteExecutor.accessTestSuiteMainPhase(TestSuiteExecutor.java:150)
	at com.kms.katalon.core.main.TestSuiteExecutor.execute(TestSuiteExecutor.java:106)
	at com.kms.katalon.core.main.TestCaseMain.startTestSuite(TestCaseMain.java:180)
	at TempTestSuite1724576846473.run(TempTestSuite1724576846473.groovy:35)
	at java.base/jdk.internal.reflect.NativeMethodAccessorImpl.invoke0(Native Method)
	at java.base/jdk.internal.reflect.NativeMethodAccessorImpl.invoke(NativeMethodAccessorImpl.java:77)
	at java.base/jdk.internal.reflect.DelegatingMethodAccessorImpl.invoke(DelegatingMethodAccessorImpl.java:43)


25-08-2024T16:07:41 - [TEST_STEP][PASSED] - authorizationHeader = new com.kms.katalon.core.testobject.TestObjectProperty(Authorization, com.kms.katalon.core.testobject.ConditionType.EQUALS, (Bearer  + internal.GlobalVariable.token)): null

25-08-2024T16:07:41 - [TEST_STEP][PASSED] - req = findTestObject("API_Update Profile", ["userId":myId, "name":name, "phone":phone, "birthDate":birthDate, "personalEmail":personalEmail, "gender":gender]): null

25-08-2024T16:07:41 - [TEST_STEP][PASSED] - getHttpHeaderProperties().removeIf({ -> ... }): null

25-08-2024T16:07:41 - [TEST_STEP][PASSED] - getHttpHeaderProperties().add(authorizationHeader): null

25-08-2024T16:07:41 - [TEST_STEP][PASSED] - res = sendRequest(req): Send request successfully

25-08-2024T16:07:41 - [MESSAGE][INFO] - HAR: C:\Users\fanhi\OneDrive - VNU-HCMUS\Software_Testing_subAss\HW7\Source\API_21127661\Reports\20240825_160726\TS_Update Profile\20240825_160726\requests\main\7.har

25-08-2024T16:07:41 - [MESSAGE][PASSED] - Send request successfully

25-08-2024T16:07:41 - [TEST_STEP][FAILED] - verifyResponseStatusCode(res, expected.intValue(), CONTINUE_ON_FAILURE): Expected status code is '400' but actual status code is '200'

25-08-2024T16:07:41 - [MESSAGE][FAILED] - Expected status code is '400' but actual status code is '200'

25-08-2024T16:07:41 - [TEST_STEP][PASSED] - if (personalEmail == ""): null

25-08-2024T16:07:41 - [TEST_STEP][PASSED] - personalEmail = null: null

25-08-2024T16:07:41 - [TEST_STEP][PASSED] - formattedBirthDate = birthDate + "T00:00:00.000+00:00": null

25-08-2024T16:07:41 - [TEST_STEP][PASSED] - if (birthDate == ""): null

25-08-2024T16:07:41 - [TEST_STEP][PASSED] - if (expected.intValue() == 200): null]]></system-out>
         <system-err><![CDATA[25-08-2024T16:07:41 - [TEST_CASE][FAILED] - Test Cases/TC_Update Profile: Test Cases/TC_Update Profile FAILED.
Reason:
com.kms.katalon.core.exception.StepFailedException: Expected status code is '400' but actual status code is '200'
	at com.kms.katalon.core.keyword.internal.KeywordMain.stepFailed(KeywordMain.groovy:39)
	at com.kms.katalon.core.webservice.keyword.builtin.VerifyResponseStatusCodeKeyword.verifyStatusCode(VerifyResponseStatusCodeKeyword.groovy:52)
	at com.kms.katalon.core.webservice.keyword.builtin.VerifyResponseStatusCodeKeyword.access$0(VerifyResponseStatusCodeKeyword.groovy)
	at com.kms.katalon.core.webservice.keyword.builtin.VerifyResponseStatusCodeKeyword$_verifyResponseStatusCode_closure1.doCall(VerifyResponseStatusCodeKeyword.groovy:42)
	at com.kms.katalon.core.webservice.keyword.builtin.VerifyResponseStatusCodeKeyword$_verifyResponseStatusCode_closure1.call(VerifyResponseStatusCodeKeyword.groovy)
	at com.kms.katalon.core.keyword.internal.KeywordMain.runKeyword(KeywordMain.groovy:75)
	at com.kms.katalon.core.webservice.keyword.builtin.VerifyResponseStatusCodeKeyword.verifyResponseStatusCode(VerifyResponseStatusCodeKeyword.groovy:37)
	at com.kms.katalon.core.webservice.keyword.builtin.VerifyResponseStatusCodeKeyword.execute(VerifyResponseStatusCodeKeyword.groovy:32)
	at com.kms.katalon.core.keyword.internal.KeywordExecutor.executeKeywordForPlatform(KeywordExecutor.groovy:74)
	at com.kms.katalon.core.webservice.keyword.WSBuiltInKeywords.verifyResponseStatusCode(WSBuiltInKeywords.groovy:331)
	at TC_Update Profile.run(TC_Update Profile:40)
	at com.kms.katalon.core.main.ScriptEngine.run(ScriptEngine.java:194)
	at com.kms.katalon.core.main.ScriptEngine.runScriptAsRawText(ScriptEngine.java:119)
	at com.kms.katalon.core.main.TestCaseExecutor.runScript(TestCaseExecutor.java:448)
	at com.kms.katalon.core.main.TestCaseExecutor.doExecute(TestCaseExecutor.java:439)
	at com.kms.katalon.core.main.TestCaseExecutor.processExecutionPhase(TestCaseExecutor.java:418)
	at com.kms.katalon.core.main.TestCaseExecutor.accessMainPhase(TestCaseExecutor.java:410)
	at com.kms.katalon.core.main.TestCaseExecutor.execute(TestCaseExecutor.java:285)
	at com.kms.katalon.core.common.CommonExecutor.accessTestCaseMainPhase(CommonExecutor.java:65)
	at com.kms.katalon.core.main.TestSuiteExecutor.accessTestSuiteMainPhase(TestSuiteExecutor.java:150)
	at com.kms.katalon.core.main.TestSuiteExecutor.execute(TestSuiteExecutor.java:106)
	at com.kms.katalon.core.main.TestCaseMain.startTestSuite(TestCaseMain.java:180)
	at TempTestSuite1724576846473.run(TempTestSuite1724576846473.groovy:35)
	at java.base/jdk.internal.reflect.NativeMethodAccessorImpl.invoke0(Native Method)
	at java.base/jdk.internal.reflect.NativeMethodAccessorImpl.invoke(NativeMethodAccessorImpl.java:77)
	at java.base/jdk.internal.reflect.DelegatingMethodAccessorImpl.invoke(DelegatingMethodAccessorImpl.java:43)]]></system-err>
      </testcase>
[...]
	at java.base/jdk.internal.reflect.DelegatingMethodAccessorImpl.invoke(DelegatingMethodAccessorImpl.java:43)
Caused by: java.net.SocketException: Connection reset by peer
	at org.apache.http.impl.io.SessionOutputBufferImpl.streamWrite(SessionOutputBufferImpl.java:124)
	at org.apache.http.impl.io.SessionOutputBufferImpl.write(SessionOutputBufferImpl.java:160)
	at org.apache.http.impl.io.ContentLengthOutputStream.write(ContentLengthOutputStream.java:113)
	at org.apache.http.entity.ByteArrayEntity.writeTo(ByteArrayEntity.java:112)
	at org.apache.http.impl.DefaultBHttpClientConnection.sendRequestEntity(DefaultBHttpClientConnection.java:156)
	at org.apache.http.impl.conn.CPoolProxy.sendRequestEntity(CPoolProxy.java:152)
	at org.apache.http.protocol.HttpRequestExecutor.doSendRequest(HttpRequestExecutor.java:238)
	at org.apache.http.protocol.HttpRequestExecutor.execute(HttpRequestExecutor.java:123)
	at org.apache.http.impl.execchain.MainClientExec.execute(MainClientExec.java:272)
	at org.apache.http.impl.execchain.ProtocolExec.execute(ProtocolExec.java:186)
	at org.apache.http.impl.execchain.RetryExec.execute(RetryExec.java:89)
	at org.apache.http.impl.client.InternalHttpClient.doExecute(InternalHttpClient.java:185)
	at org.apache.http.impl.client.CloseableHttpClient.execute(CloseableHttpClient.java:83)
	at com.kms.katalon.core.webservice.common.HttpUtil.sendRequest(HttpUtil.java:144)
	at com.kms.katalon.core.webservice.common.BasicRequestor.send(BasicRequestor.java:58)
	at com.kms.katalon.core.webservice.helper.WebServiceCommonHelper.sendRequest(WebServiceCommonHelper.java:55)
	at com.kms.katalon.core.webservice.keyword.builtin.SendRequestKeyword$_sendRequest_closure1.doCall(SendRequestKeyword.groovy:40)
	at com.kms.katalon.core.webservice.keyword.builtin.SendRequestKeyword$_sendRequest_closure1.call(SendRequestKeyword.groovy)
	at com.kms.katalon.core.keyword.internal.KeywordMain.runKeyword(KeywordMain.groovy:75)
	at com.kms.katalon.core.webservice.keyword.builtin.SendRequestKeyword.sendRequest(SendRequestKeyword.groovy:38)
	at com.kms.katalon.core.webservice.keyword.builtin.SendRequestKeyword.execute(SendRequestKeyword.groovy:33)
	at com.kms.katalon.core.keyword.internal.KeywordExecutor.executeKeywordForPlatform(KeywordExecutor.groovy:74)
	at com.kms.katalon.core.webservice.keyword.WSBuiltInKeywords.sendRequest(WSBuiltInKeywords.groovy:41)
	at Script1724490216703.run(Script1724490216703.groovy:46)
	... 15 more
)
	at com.kms.katalon.core.keyword.internal.KeywordMain.stepFailed(KeywordMain.groovy:51)
	at com.kms.katalon.core.keyword.internal.KeywordMain.stepFailed(KeywordMain.groovy)
	at com.kms.katalon.core.keyword.internal.KeywordMain.runKeyword(KeywordMain.groovy:77)
	at com.kms.katalon.core.webservice.keyword.builtin.SendRequestKeyword.sendRequest(SendRequestKeyword.groovy:38)
	at com.kms.katalon.core.webservice.keyword.builtin.SendRequestKeyword.execute(SendRequestKeyword.groovy:33)
	at com.kms.katalon.core.keyword.internal.KeywordExecutor.executeKeywordForPlatform(KeywordExecutor.groovy:74)
	at com.kms.katalon.core.webservice.keyword.WSBuiltInKeywords.sendRequest(WSBuiltInKeywords.groovy:41)
	at TC_Update Profile_Upload Avatar.run(TC_Update Profile_Upload Avatar:46)
	at com.kms.katalon.core.main.ScriptEngine.run(ScriptEngine.java:194)
	at com.kms.katalon.core.main.ScriptEngine.runScriptAsRawText(ScriptEngine.java:119)
	at com.kms.katalon.core.main.TestCaseExecutor.runScript(TestCaseExecutor.java:448)
	at com.kms.katalon.core.main.TestCaseExecutor.doExecute(TestCaseExecutor.java:439)
	at com.kms.katalon.core.main.TestCaseExecutor.processExecutionPhase(TestCaseExecutor.java:418)
	at com.kms.katalon.core.main.TestCaseExecutor.accessMainPhase(TestCaseExecutor.java:410)
	at com.kms.katalon.core.main.TestCaseExecutor.execute(TestCaseExecutor.java:285)
	at com.kms.katalon.core.common.CommonExecutor.accessTestCaseMainPhase(CommonExecutor.java:65)
	at com.kms.katalon.core.main.TestSuiteExecutor.accessTestSuiteMainPhase(TestSuiteExecutor.java:150)
	at com.kms.katalon.core.main.TestSuiteExecutor.execute(TestSuiteExecutor.java:106)
	at com.kms.katalon.core.main.TestCaseMain.startTestSuite(TestCaseMain.java:180)
	at TempTestSuite1724576846473.run(TempTestSuite1724576846473.groovy:35)
	at java.base/jdk.internal.reflect.NativeMethodAccessorImpl.invoke0(Native Method)
	at java.base/jdk.internal.reflect.NativeMethodAccessorImpl.invoke(NativeMethodAccessorImpl.java:77)
	at java.base/jdk.internal.reflect.DelegatingMethodAccessorImpl.invoke(DelegatingMethodAccessorImpl.java:43)
Caused by: com.kms.katalon.core.webservice.exception.SendRequestException: java.net.SocketException: Connection reset by peer
	at com.kms.katalon.core.webservice.common.HttpUtil.sendRequest(HttpUtil.java:172)
	at com.kms.katalon.core.webservice.common.BasicRequestor.send(BasicRequestor.java:58)
	at com.kms.katalon.core.webservice.helper.WebServiceCommonHelper.sendRequest(WebServiceCommonHelper.java:55)
	at com.kms.katalon.core.webservice.keyword.builtin.SendRequestKeyword$_sendRequest_closure1.doCall(SendRequestKeyword.groovy:40)
	at com.kms.katalon.core.webservice.keyword.builtin.SendRequestKeyword$_sendRequest_closure1.call(SendRequestKeyword.groovy)
	at com.kms.katalon.core.keyword.internal.KeywordMain.runKeyword(KeywordMain.groovy:75)
	... 20 more
Caused by: java.net.SocketException: Connection reset by peer
	at org.apache.http.impl.io.SessionOutputBufferImpl.streamWrite(SessionOutputBufferImpl.java:124)
	at org.apache.http.impl.io.SessionOutputBufferImpl.write(SessionOutputBufferImpl.java:160)
	at org.apache.http.impl.io.ContentLengthOutputStream.write(ContentLengthOutputStream.java:113)
	at org.apache.http.entity.ByteArrayEntity.writeTo(ByteArrayEntity.java:112)
	at org.apache.http.impl.DefaultBHttpClientConnection.sendRequestEntity(DefaultBHttpClientConnection.java:156)
	at org.apache.http.impl.conn.CPoolProxy.sendRequestEntity(CPoolProxy.java:152)
	at org.apache.http.protocol.HttpRequestExecutor.doSendRequest(HttpRequestExecutor.java:238)
	at org.apache.http.protocol.HttpRequestExecutor.execute(HttpRequestExecutor.java:123)
	at org.apache.http.impl.execchain.MainClientExec.execute(MainClientExec.java:272)
	at org.apache.http.impl.execchain.ProtocolExec.execute(ProtocolExec.java:186)
	at org.apache.http.impl.execchain.RetryExec.execute(RetryExec.java:89)
	at org.apache.http.impl.client.InternalHttpClient.doExecute(InternalHttpClient.java:185)
	at org.apache.http.impl.client.CloseableHttpClient.execute(CloseableHttpClient.java:83)
	at com.kms.katalon.core.webservice.common.HttpUtil.sendRequest(HttpUtil.java:144)
	... 25 more]]></system-err>
      </testcase>
      <testcase name="Test Cases/TC_Update Profile_Upload Avatar" time="0.042" classname="Test Cases/TC_Update Profile_Upload Avatar" status="PASSED">
         <system-out><![CDATA[25-08-2024T16:07:54 - [TEST_CASE][PASSED] - Test Cases/TC_Update Profile_Upload Avatar: Test Cases/TC_Update Profile_Upload Avatar

25-08-2024T16:07:54 - [TEST_STEP][PASSED] - if (isAuthorize): null

25-08-2024T16:07:54 - [TEST_STEP][PASSED] - else: null

25-08-2024T16:07:54 - [TEST_STEP][PASSED] - tokenValue = "": null

25-08-2024T16:07:54 - [TEST_STEP][PASSED] - projectPath = getProjectDir(): null

25-08-2024T16:07:54 - [TEST_STEP][PASSED] - filePath = projectPath + "\" + file: null

25-08-2024T16:07:54 - [TEST_STEP][PASSED] - authorizationHeader = new com.kms.katalon.core.testobject.TestObjectProperty(Authorization, com.kms.katalon.core.testobject.ConditionType.EQUALS, tokenValue): null

25-08-2024T16:07:54 - [TEST_STEP][PASSED] - req = findTestObject("API_Update Profile_Upload Avatar", ["file":filePath]): null

25-08-2024T16:07:54 - [TEST_STEP][PASSED] - getHttpHeaderProperties().removeIf({ -> ... }): null

25-08-2024T16:07:54 - [TEST_STEP][PASSED] - getHttpHeaderProperties().add(authorizationHeader): null

25-08-2024T16:07:54 - [TEST_STEP][PASSED] - res = sendRequest(req): Send request successfully

25-08-2024T16:07:54 - [MESSAGE][INFO] - HAR: C:\Users\fanhi\OneDrive - VNU-HCMUS\Software_Testing_subAss\HW7\Source\API_21127661\Reports\20240825_160726\TS_Update Profile\20240825_160726\requests\main\61.har

25-08-2024T16:07:54 - [MESSAGE][PASSED] - Send request successfully

25-08-2024T16:07:54 - [TEST_STEP][PASSED] - verifyResponseStatusCode(res, expected.intValue(), CONTINUE_ON_FAILURE): Verify response status code successfully

25-08-2024T16:07:54 - [MESSAGE][PASSED] - Verify response status code successfully]]></system-out>
         <system-err><![CDATA[]]></system-err>
      </testcase>
      <testcase name="Test Cases/TC_Update Profile_Authorization" time="0.206" classname="Test Cases/TC_Update Profile_Authorization" status="PASSED">
         <system-out><![CDATA[25-08-2024T16:07:54 - [TEST_CASE][PASSED] - Test Cases/TC_Update Profile_Authorization: Test Cases/TC_Update Profile_Authorization

25-08-2024T16:07:54 - [TEST_STEP][PASSED] - tokenValue = "": null

25-08-2024T16:07:54 - [TEST_STEP][PASSED] - if (tokenState == "empty"): null

25-08-2024T16:07:54 - [TEST_STEP][PASSED] - tokenValue = "": null

25-08-2024T16:07:54 - [TEST_STEP][PASSED] - authorizationHeader = new com.kms.katalon.core.testobject.TestObjectProperty(Authorization, com.kms.katalon.core.testobject.ConditionType.EQUALS, tokenValue): null

25-08-2024T16:07:54 - [TEST_STEP][PASSED] - req = findTestObject("API_Update Profile", ["userId":myId, "name":name, "phone":phone, "birthDate":birthDate, "personalEmail":"", "gender":gender]): null

25-08-2024T16:07:54 - [TEST_STEP][PASSED] - getHttpHeaderProperties().removeIf({ -> ... }): null

25-08-2024T16:07:54 - [TEST_STEP][PASSED] - getHttpHeaderProperties().add(authorizationHeader): null

25-08-2024T16:07:54 - [TEST_STEP][PASSED] - res = sendRequest(req): Send request successfully

25-08-2024T16:07:54 - [MESSAGE][INFO] - HAR: C:\Users\fanhi\OneDrive - VNU-HCMUS\Software_Testing_subAss\HW7\Source\API_21127661\Reports\20240825_160726\TS_Update Profile\20240825_160726\requests\main\62.har

25-08-2024T16:07:54 - [MESSAGE][PASSED] - Send request successfully

25-08-2024T16:07:54 - [TEST_STEP][PASSED] - verifyResponseStatusCode(res, expected.intValue(), CONTINUE_ON_FAILURE): Verify response status code successfully

25-08-2024T16:07:54 - [MESSAGE][PASSED] - Verify response status code successfully]]></system-out>
         <system-err><![CDATA[]]></system-err>
      </testcase>
      <testcase name="Test Cases/TC_Update Profile_Authorization" time="0.031" classname="Test Cases/TC_Update Profile_Authorization" status="PASSED">
         <system-out><![CDATA[25-08-2024T16:07:54 - [TEST_CASE][PASSED] - Test Cases/TC_Update Profile_Authorization: Test Cases/TC_Update Profile_Authorization

25-08-2024T16:07:54 - [TEST_STEP][PASSED] - tokenValue = "": null

25-08-2024T16:07:54 - [TEST_STEP][PASSED] - if (tokenState == "empty"): null

25-08-2024T16:07:54 - [TEST_STEP][PASSED] - authorizationHeader = new com.kms.katalon.core.testobject.TestObjectProperty(Authorization, com.kms.katalon.core.testobject.ConditionType.EQUALS, tokenValue): null

25-08-2024T16:07:54 - [TEST_STEP][PASSED] - req = findTestObject("API_Update Profile", ["userId":myId, "name":name, "phone":phone, "birthDate":birthDate, "personalEmail":"", "gender":gender]): null

25-08-2024T16:07:54 - [TEST_STEP][PASSED] - getHttpHeaderProperties().removeIf({ -> ... }): null

25-08-2024T16:07:54 - [TEST_STEP][PASSED] - getHttpHeaderProperties().add(authorizationHeader): null

25-08-2024T16:07:54 - [TEST_STEP][PASSED] - res = sendRequest(req): Send request successfully

25-08-2024T16:07:54 - [MESSAGE][INFO] - HAR: C:\Users\fanhi\OneDrive - VNU-HCMUS\Software_Testing_subAss\HW7\Source\API_21127661\Reports\20240825_160726\TS_Update Profile\20240825_160726\requests\main\63.har

25-08-2024T16:07:54 - [MESSAGE][PASSED] - Send request successfully

25-08-2024T16:07:54 - [TEST_STEP][PASSED] - verifyResponseStatusCode(res, expected.intValue(), CONTINUE_ON_FAILURE): Verify response status code successfully

25-08-2024T16:07:54 - [MESSAGE][PASSED] - Verify response status code successfully]]></system-out>
         <system-err><![CDATA[]]></system-err>
      </testcase>
      <testcase name="Test Cases/TC_Update Profile_Authorization" time="0.028" classname="Test Cases/TC_Update Profile_Authorization" status="PASSED">
         <system-out><![CDATA[25-08-2024T16:07:54 - [TEST_CASE][PASSED] - Test Cases/TC_Update Profile_Authorization: Test Cases/TC_Update Profile_Authorization

25-08-2024T16:07:54 - [TEST_STEP][PASSED] - tokenValue = "": null

25-08-2024T16:07:54 - [TEST_STEP][PASSED] - if (tokenState == "empty"): null

25-08-2024T16:07:54 - [TEST_STEP][PASSED] - else if (tokenState == "incorrect"): null

25-08-2024T16:07:54 - [TEST_STEP][PASSED] - tokenValue = "Bearer incorrect_token": null

25-08-2024T16:07:54 - [TEST_STEP][PASSED] - authorizationHeader = new com.kms.katalon.core.testobject.TestObjectProperty(Authorization, com.kms.katalon.core.testobject.ConditionType.EQUALS, tokenValue): null

25-08-2024T16:07:54 - [TEST_STEP][PASSED] - req = findTestObject("API_Update Profile", ["userId":myId, "name":name, "phone":phone, "birthDate":birthDate, "personalEmail":"", "gender":gender]): null

25-08-2024T16:07:54 - [TEST_STEP][PASSED] - getHttpHeaderProperties().removeIf({ -> ... }): null

25-08-2024T16:07:54 - [TEST_STEP][PASSED] - getHttpHeaderProperties().add(authorizationHeader): null

25-08-2024T16:07:54 - [TEST_STEP][PASSED] - res = sendRequest(req): Send request successfully

25-08-2024T16:07:54 - [MESSAGE][INFO] - HAR: C:\Users\fanhi\OneDrive - VNU-HCMUS\Software_Testing_subAss\HW7\Source\API_21127661\Reports\20240825_160726\TS_Update Profile\20240825_160726\requests\main\64.har

25-08-2024T16:07:54 - [MESSAGE][PASSED] - Send request successfully

25-08-2024T16:07:54 - [TEST_STEP][PASSED] - verifyResponseStatusCode(res, expected.intValue(), CONTINUE_ON_FAILURE): Verify response status code successfully

25-08-2024T16:07:54 - [MESSAGE][PASSED] - Verify response status code successfully]]></system-out>
         <system-err><![CDATA[]]></system-err>
      </testcase>
      <system-out><![CDATA[25-08-2024T16:07:37 - [TEST_SUITE][FAILED] - TS_Update Profile: Test Cases/TC_Update Profile FAILED.
Reason:
com.kms.katalon.core.exception.StepFailedException: Expected status code is '400' but actual status code is '200'
	at com.kms.katalon.core.keyword.internal.KeywordMain.stepFailed(KeywordMain.groovy:39)
	at com.kms.katalon.core.webservice.keyword.builtin.VerifyResponseStatusCodeKeyword.verifyStatusCode(VerifyResponseStatusCodeKeyword.groovy:52)
	at com.kms.katalon.core.webservice.keyword.builtin.VerifyResponseStatusCodeKeyword.access$0(VerifyResponseStatusCodeKeyword.groovy)
	at com.kms.katalon.core.webservice.keyword.builtin.VerifyResponseStatusCodeKeyword$_verifyResponseStatusCode_closure1.doCall(VerifyResponseStatusCodeKeyword.groovy:42)
	at com.kms.katalon.core.webservice.keyword.builtin.VerifyResponseStatusCodeKeyword$_verifyResponseStatusCode_closure1.call(VerifyResponseStatusCodeKeyword.groovy)
	at com.kms.katalon.core.keyword.internal.KeywordMain.runKeyword(KeywordMain.groovy:75)
	at com.kms.katalon.core.webservice.keyword.builtin.VerifyResponseStatusCodeKeyword.verifyResponseStatusCode(VerifyResponseStatusCodeKeyword.groovy:37)
	at com.kms.katalon.core.webservice.keyword.builtin.VerifyResponseStatusCodeKeyword.execute(VerifyResponseStatusCodeKeyword.groovy:32)
	at com.kms.katalon.core.keyword.internal.KeywordExecutor.executeKeywordForPlatform(KeywordExecutor.groovy:74)
	at com.kms.katalon.core.webservice.keyword.WSBuiltInKeywords.verifyResponseStatusCode(WSBuiltInKeywords.groovy:331)
	at TC_Update Profile.run(TC_Update Profile:40)
	at com.kms.katalon.core.main.ScriptEngine.run(ScriptEngine.java:194)
	at com.kms.katalon.core.main.ScriptEngine.runScriptAsRawText(ScriptEngine.java:119)
	at com.kms.katalon.core.main.TestCaseExecutor.runScript(TestCaseExecutor.java:448)
	at com.kms.katalon.core.main.TestCaseExecutor.doExecute(TestCaseExecutor.java:439)
	at com.kms.katalon.core.main.TestCaseExecutor.processExecutionPhase(TestCaseExecutor.java:418)
	at com.kms.katalon.core.main.TestCaseExecutor.accessMainPhase(TestCaseExecutor.java:410)
	at com.kms.katalon.core.main.TestCaseExecutor.execute(TestCaseExecutor.java:285)
	at com.kms.katalon.core.common.CommonExecutor.accessTestCaseMainPhase(CommonExecutor.java:65)
	at com.kms.katalon.core.main.TestSuiteExecutor.accessTestSuiteMainPhase(TestSuiteExecutor.java:150)
	at com.kms.katalon.core.main.TestSuiteExecutor.execute(TestSuiteExecutor.java:106)
	at com.kms.katalon.core.main.TestCaseMain.startTestSuite(TestCaseMain.java:180)
	at TempTestSuite1724576846473.run(TempTestSuite1724576846473.groovy:35)
	at java.base/jdk.internal.reflect.NativeMethodAccessorImpl.invoke0(Native Method)
	at java.base/jdk.internal.reflect.NativeMethodAccessorImpl.invoke(NativeMethodAccessorImpl.java:77)
	at java.base/jdk.internal.reflect.DelegatingMethodAccessorImpl.invoke(DelegatingMethodAccessorImpl.java:43)]]></system-out>
      <system-err><![CDATA[25-08-2024T16:07:37 - [TEST_SUITE][FAILED] - TS_Update Profile: Test Cases/TC_Update Profile FAILED.
Reason:
com.kms.katalon.core.exception.StepFailedException: Expected status code is '400' but actual status code is '200'
	at com.kms.katalon.core.keyword.internal.KeywordMain.stepFailed(KeywordMain.groovy:39)
	at com.kms.katalon.core.webservice.keyword.builtin.VerifyResponseStatusCodeKeyword.verifyStatusCode(VerifyResponseStatusCodeKeyword.groovy:52)
	at com.kms.katalon.core.webservice.keyword.builtin.VerifyResponseStatusCodeKeyword.access$0(VerifyResponseStatusCodeKeyword.groovy)
	at com.kms.katalon.core.webservice.keyword.builtin.VerifyResponseStatusCodeKeyword$_verifyResponseStatusCode_closure1.doCall(VerifyResponseStatusCodeKeyword.groovy:42)
	at com.kms.katalon.core.webservice.keyword.builtin.VerifyResponseStatusCodeKeyword$_verifyResponseStatusCode_closure1.call(VerifyResponseStatusCodeKeyword.groovy)
	at com.kms.katalon.core.keyword.internal.KeywordMain.runKeyword(KeywordMain.groovy:75)
	at com.kms.katalon.core.webservice.keyword.builtin.VerifyResponseStatusCodeKeyword.verifyResponseStatusCode(VerifyResponseStatusCodeKeyword.groovy:37)
	at com.kms.katalon.core.webservice.keyword.builtin.VerifyResponseStatusCodeKeyword.execute(VerifyResponseStatusCodeKeyword.groovy:32)
	at com.kms.katalon.core.keyword.internal.KeywordExecutor.executeKeywordForPlatform(KeywordExecutor.groovy:74)
	at com.kms.katalon.core.webservice.keyword.WSBuiltInKeywords.verifyResponseStatusCode(WSBuiltInKeywords.groovy:331)
	at TC_Update Profile.run(TC_Update Profile:40)
	at com.kms.katalon.core.main.ScriptEngine.run(ScriptEngine.java:194)
	at com.kms.katalon.core.main.ScriptEngine.runScriptAsRawText(ScriptEngine.java:119)
	at com.kms.katalon.core.main.TestCaseExecutor.runScript(TestCaseExecutor.java:448)
	at com.kms.katalon.core.main.TestCaseExecutor.doExecute(TestCaseExecutor.java:439)
	at com.kms.katalon.core.main.TestCaseExecutor.processExecutionPhase(TestCaseExecutor.java:418)
	at com.kms.katalon.core.main.TestCaseExecutor.accessMainPhase(TestCaseExecutor.java:410)
	at com.kms.katalon.core.main.TestCaseExecutor.execute(TestCaseExecutor.java:285)
	at com.kms.katalon.core.common.CommonExecutor.accessTestCaseMainPhase(CommonExecutor.java:65)
	at com.kms.katalon.core.main.TestSuiteExecutor.accessTestSuiteMainPhase(TestSuiteExecutor.java:150)
	at com.kms.katalon.core.main.TestSuiteExecutor.execute(TestSuiteExecutor.java:106)
	at com.kms.katalon.core.main.TestCaseMain.startTestSuite(TestCaseMain.java:180)
	at TempTestSuite1724576846473.run(TempTestSuite1724576846473.groovy:35)
	at java.base/jdk.internal.reflect.NativeMethodAccessorImpl.invoke0(Native Method)
	at java.base/jdk.internal.reflect.NativeMethodAccessorImpl.invoke(NativeMethodAccessorImpl.java:77)
	at java.base/jdk.internal.reflect.DelegatingMethodAccessorImpl.invoke(DelegatingMethodAccessorImpl.java:43)]]></system-err>
   </testsuite>
</testsuites>
